<?xml version="1.0" encoding="UTF-8"?>
<testsuite name="com.example.qcassistant.unit.entityServices.study.MedidataStudyServiceTests" tests="12" skipped="0" failures="0" errors="0" timestamp="2023-12-10T08:53:01" hostname="VKTRNDRV" time="0.244">
  <properties/>
  <testcase name="editStudy_BlankName()" classname="com.example.qcassistant.unit.entityServices.study.MedidataStudyServiceTests" time="0.005"/>
  <testcase name="editStudy_NoApps()" classname="com.example.qcassistant.unit.entityServices.study.MedidataStudyServiceTests" time="0.013"/>
  <testcase name="editStudy_UniqueName()" classname="com.example.qcassistant.unit.entityServices.study.MedidataStudyServiceTests" time="0.007"/>
  <testcase name="getTagStudies_DoesNotReturnUNKNOWN()" classname="com.example.qcassistant.unit.entityServices.study.MedidataStudyServiceTests" time="0.025"/>
  <testcase name="addStudy_UniqueName()" classname="com.example.qcassistant.unit.entityServices.study.MedidataStudyServiceTests" time="0.021"/>
  <testcase name="getStudyEditById_ReturnsCorrectStudy()" classname="com.example.qcassistant.unit.entityServices.study.MedidataStudyServiceTests" time="0.033"/>
  <testcase name="displayAllStudies_DoesNotReturnUnknownPlusCorrectCount()" classname="com.example.qcassistant.unit.entityServices.study.MedidataStudyServiceTests" time="0.034"/>
  <testcase name="getEntities_DoesNotReturnUNKNOWN()" classname="com.example.qcassistant.unit.entityServices.study.MedidataStudyServiceTests" time="0.025"/>
  <testcase name="getUnknownStudy_ReturnsUnknown()" classname="com.example.qcassistant.unit.entityServices.study.MedidataStudyServiceTests" time="0.019"/>
  <testcase name="addStudy_NoApps()" classname="com.example.qcassistant.unit.entityServices.study.MedidataStudyServiceTests" time="0.01"/>
  <testcase name="getStudyInfoById_ReturnsCorrectStudy()" classname="com.example.qcassistant.unit.entityServices.study.MedidataStudyServiceTests" time="0.028"/>
  <testcase name="addStudy_BlankName()" classname="com.example.qcassistant.unit.entityServices.study.MedidataStudyServiceTests" time="0.005"/>
  <system-out><![CDATA[2023-12-10T10:53:01.625+02:00  INFO 15696 --- [    Test worker] t.c.s.AnnotationConfigContextLoaderUtils : Could not detect default configuration classes for test class [com.example.qcassistant.unit.entityServices.study.MedidataStudyServiceTests]: MedidataStudyServiceTests does not declare any static, non-private, non-final, nested classes annotated with @Configuration.
2023-12-10T10:53:01.628+02:00  INFO 15696 --- [    Test worker] .b.t.c.SpringBootTestContextBootstrapper : Found @SpringBootConfiguration com.example.qcassistant.Main for test class com.example.qcassistant.unit.entityServices.study.MedidataStudyServiceTests
Hibernate: 
    select
        m1_0.id,
        m1_0.contains_editable_welcome_letter,
        m1_0.contains_translated_docs,
        m1_0.contains_translated_labels,
        m1_0.environment_id,
        m1_0.folder_url,
        m1_0.includes_headphones_styluses,
        m1_0.is_patient_device_ipad,
        m1_0.name,
        m1_0.sponsor_id 
    from
        medidata_studies m1_0 
    where
        m1_0.name<>?
Hibernate: 
    select
        m1_0.id,
        m1_0.is_destination_separated,
        m1_0.is_legacy,
        m1_0.is_os_separated,
        m1_0.is_site_patient_separated,
        p1_0.environment_id,
        p1_1.id,
        p1_1.name,
        p1_1.requires_camera 
    from
        medidata_environments m1_0 
    left join
        (medidata_environments_patient_apps p1_0 
    join
        medidata_apps p1_1 
            on p1_1.id=p1_0.app_id) 
                on m1_0.id=p1_0.environment_id 
        where
            m1_0.id=?
Hibernate: 
    select
        m1_0.id,
        m1_0.are_study_names_similar,
        m1_0.name 
    from
        medidata_sponsors m1_0 
    where
        m1_0.id=?
Hibernate: 
    select
        m1_0.id,
        m1_0.is_destination_separated,
        m1_0.is_legacy,
        m1_0.is_os_separated,
        m1_0.is_site_patient_separated,
        p1_0.environment_id,
        p1_1.id,
        p1_1.name,
        p1_1.requires_camera 
    from
        medidata_environments m1_0 
    left join
        (medidata_environments_patient_apps p1_0 
    join
        medidata_apps p1_1 
            on p1_1.id=p1_0.app_id) 
                on m1_0.id=p1_0.environment_id 
        where
            m1_0.id=?
Hibernate: 
    select
        s1_0.environment_id,
        s1_1.id,
        s1_1.name,
        s1_1.requires_camera 
    from
        medidata_environments_site_apps s1_0 
    join
        medidata_apps s1_1 
            on s1_1.id=s1_0.app_id 
    where
        s1_0.environment_id=?
Hibernate: 
    select
        s1_0.environment_id,
        s1_1.id,
        s1_1.name,
        s1_1.requires_camera 
    from
        medidata_environments_site_apps s1_0 
    join
        medidata_apps s1_1 
            on s1_1.id=s1_0.app_id 
    where
        s1_0.environment_id=?
Hibernate: 
    select
        m1_0.id,
        m1_0.contains_editable_welcome_letter,
        m1_0.contains_translated_docs,
        m1_0.contains_translated_labels,
        m1_0.environment_id,
        m1_0.folder_url,
        m1_0.includes_headphones_styluses,
        m1_0.is_patient_device_ipad,
        m1_0.name,
        m1_0.sponsor_id 
    from
        medidata_studies m1_0 
    where
        m1_0.name=? 
    limit
        ?
Hibernate: 
    select
        m1_0.id,
        m1_0.is_destination_separated,
        m1_0.is_legacy,
        m1_0.is_os_separated,
        m1_0.is_site_patient_separated,
        p1_0.environment_id,
        p1_1.id,
        p1_1.name,
        p1_1.requires_camera 
    from
        medidata_environments m1_0 
    left join
        (medidata_environments_patient_apps p1_0 
    join
        medidata_apps p1_1 
            on p1_1.id=p1_0.app_id) 
                on m1_0.id=p1_0.environment_id 
        where
            m1_0.id=?
Hibernate: 
    select
        m1_0.id,
        m1_0.are_study_names_similar,
        m1_0.name 
    from
        medidata_sponsors m1_0 
    where
        m1_0.id=?
Hibernate: 
    select
        s1_0.environment_id,
        s1_1.id,
        s1_1.name,
        s1_1.requires_camera 
    from
        medidata_environments_site_apps s1_0 
    join
        medidata_apps s1_1 
            on s1_1.id=s1_0.app_id 
    where
        s1_0.environment_id=?
Hibernate: 
    select
        m1_0.id,
        m1_0.contains_editable_welcome_letter,
        m1_0.contains_translated_docs,
        m1_0.contains_translated_labels,
        m1_0.environment_id,
        m1_0.folder_url,
        m1_0.includes_headphones_styluses,
        m1_0.is_patient_device_ipad,
        m1_0.name,
        m1_0.sponsor_id 
    from
        medidata_studies m1_0 
    where
        m1_0.name=? 
    limit
        ?
Hibernate: 
    select
        m1_0.id,
        m1_0.is_destination_separated,
        m1_0.is_legacy,
        m1_0.is_os_separated,
        m1_0.is_site_patient_separated,
        p1_0.environment_id,
        p1_1.id,
        p1_1.name,
        p1_1.requires_camera 
    from
        medidata_environments m1_0 
    left join
        (medidata_environments_patient_apps p1_0 
    join
        medidata_apps p1_1 
            on p1_1.id=p1_0.app_id) 
                on m1_0.id=p1_0.environment_id 
        where
            m1_0.id=?
Hibernate: 
    select
        m1_0.id,
        m1_0.are_study_names_similar,
        m1_0.name 
    from
        medidata_sponsors m1_0 
    where
        m1_0.id=?
Hibernate: 
    select
        s1_0.environment_id,
        s1_1.id,
        s1_1.name,
        s1_1.requires_camera 
    from
        medidata_environments_site_apps s1_0 
    join
        medidata_apps s1_1 
            on s1_1.id=s1_0.app_id 
    where
        s1_0.environment_id=?
Hibernate: 
    select
        m1_0.id,
        m1_0.contains_editable_welcome_letter,
        m1_0.contains_translated_docs,
        m1_0.contains_translated_labels,
        e1_0.id,
        e1_0.is_destination_separated,
        e1_0.is_legacy,
        e1_0.is_os_separated,
        e1_0.is_site_patient_separated,
        p1_0.environment_id,
        p1_1.id,
        p1_1.name,
        p1_1.requires_camera,
        m1_0.folder_url,
        m1_0.includes_headphones_styluses,
        m1_0.is_patient_device_ipad,
        m1_0.name,
        s1_0.id,
        s1_0.are_study_names_similar,
        s1_0.name 
    from
        medidata_studies m1_0 
    left join
        medidata_environments e1_0 
            on e1_0.id=m1_0.environment_id 
    left join
        (medidata_environments_patient_apps p1_0 
    join
        medidata_apps p1_1 
            on p1_1.id=p1_0.app_id) 
                on e1_0.id=p1_0.environment_id 
        left join
            medidata_sponsors s1_0 
                on s1_0.id=m1_0.sponsor_id 
        where
            m1_0.id=?
Hibernate: 
    select
        s1_0.environment_id,
        s1_1.id,
        s1_1.name,
        s1_1.requires_camera 
    from
        medidata_environments_site_apps s1_0 
    join
        medidata_apps s1_1 
            on s1_1.id=s1_0.app_id 
    where
        s1_0.environment_id=?
Hibernate: 
    select
        m1_0.id,
        m1_0.contains_editable_welcome_letter,
        m1_0.contains_translated_docs,
        m1_0.contains_translated_labels,
        m1_0.environment_id,
        m1_0.folder_url,
        m1_0.includes_headphones_styluses,
        m1_0.is_patient_device_ipad,
        m1_0.name,
        m1_0.sponsor_id 
    from
        medidata_studies m1_0 
    where
        m1_0.name<>?
Hibernate: 
    select
        m1_0.id,
        m1_0.is_destination_separated,
        m1_0.is_legacy,
        m1_0.is_os_separated,
        m1_0.is_site_patient_separated,
        p1_0.environment_id,
        p1_1.id,
        p1_1.name,
        p1_1.requires_camera 
    from
        medidata_environments m1_0 
    left join
        (medidata_environments_patient_apps p1_0 
    join
        medidata_apps p1_1 
            on p1_1.id=p1_0.app_id) 
                on m1_0.id=p1_0.environment_id 
        where
            m1_0.id=?
Hibernate: 
    select
        m1_0.id,
        m1_0.are_study_names_similar,
        m1_0.name 
    from
        medidata_sponsors m1_0 
    where
        m1_0.id=?
Hibernate: 
    select
        m1_0.id,
        m1_0.is_destination_separated,
        m1_0.is_legacy,
        m1_0.is_os_separated,
        m1_0.is_site_patient_separated,
        p1_0.environment_id,
        p1_1.id,
        p1_1.name,
        p1_1.requires_camera 
    from
        medidata_environments m1_0 
    left join
        (medidata_environments_patient_apps p1_0 
    join
        medidata_apps p1_1 
            on p1_1.id=p1_0.app_id) 
                on m1_0.id=p1_0.environment_id 
        where
            m1_0.id=?
Hibernate: 
    select
        s1_0.environment_id,
        s1_1.id,
        s1_1.name,
        s1_1.requires_camera 
    from
        medidata_environments_site_apps s1_0 
    join
        medidata_apps s1_1 
            on s1_1.id=s1_0.app_id 
    where
        s1_0.environment_id=?
Hibernate: 
    select
        s1_0.environment_id,
        s1_1.id,
        s1_1.name,
        s1_1.requires_camera 
    from
        medidata_environments_site_apps s1_0 
    join
        medidata_apps s1_1 
            on s1_1.id=s1_0.app_id 
    where
        s1_0.environment_id=?
Hibernate: 
    select
        count(*) 
    from
        medidata_studies m1_0
Hibernate: 
    select
        m1_0.id,
        m1_0.contains_editable_welcome_letter,
        m1_0.contains_translated_docs,
        m1_0.contains_translated_labels,
        m1_0.environment_id,
        m1_0.folder_url,
        m1_0.includes_headphones_styluses,
        m1_0.is_patient_device_ipad,
        m1_0.name,
        m1_0.sponsor_id 
    from
        medidata_studies m1_0 
    where
        m1_0.name<>?
Hibernate: 
    select
        m1_0.id,
        m1_0.is_destination_separated,
        m1_0.is_legacy,
        m1_0.is_os_separated,
        m1_0.is_site_patient_separated,
        p1_0.environment_id,
        p1_1.id,
        p1_1.name,
        p1_1.requires_camera 
    from
        medidata_environments m1_0 
    left join
        (medidata_environments_patient_apps p1_0 
    join
        medidata_apps p1_1 
            on p1_1.id=p1_0.app_id) 
                on m1_0.id=p1_0.environment_id 
        where
            m1_0.id=?
Hibernate: 
    select
        m1_0.id,
        m1_0.are_study_names_similar,
        m1_0.name 
    from
        medidata_sponsors m1_0 
    where
        m1_0.id=?
Hibernate: 
    select
        m1_0.id,
        m1_0.is_destination_separated,
        m1_0.is_legacy,
        m1_0.is_os_separated,
        m1_0.is_site_patient_separated,
        p1_0.environment_id,
        p1_1.id,
        p1_1.name,
        p1_1.requires_camera 
    from
        medidata_environments m1_0 
    left join
        (medidata_environments_patient_apps p1_0 
    join
        medidata_apps p1_1 
            on p1_1.id=p1_0.app_id) 
                on m1_0.id=p1_0.environment_id 
        where
            m1_0.id=?
Hibernate: 
    select
        s1_0.environment_id,
        s1_1.id,
        s1_1.name,
        s1_1.requires_camera 
    from
        medidata_environments_site_apps s1_0 
    join
        medidata_apps s1_1 
            on s1_1.id=s1_0.app_id 
    where
        s1_0.environment_id=?
Hibernate: 
    select
        s1_0.environment_id,
        s1_1.id,
        s1_1.name,
        s1_1.requires_camera 
    from
        medidata_environments_site_apps s1_0 
    join
        medidata_apps s1_1 
            on s1_1.id=s1_0.app_id 
    where
        s1_0.environment_id=?
Hibernate: 
    select
        m1_0.id,
        m1_0.contains_editable_welcome_letter,
        m1_0.contains_translated_docs,
        m1_0.contains_translated_labels,
        m1_0.environment_id,
        m1_0.folder_url,
        m1_0.includes_headphones_styluses,
        m1_0.is_patient_device_ipad,
        m1_0.name,
        m1_0.sponsor_id 
    from
        medidata_studies m1_0 
    where
        m1_0.name=? 
    limit
        ?
Hibernate: 
    select
        m1_0.id,
        m1_0.is_destination_separated,
        m1_0.is_legacy,
        m1_0.is_os_separated,
        m1_0.is_site_patient_separated,
        p1_0.environment_id,
        p1_1.id,
        p1_1.name,
        p1_1.requires_camera 
    from
        medidata_environments m1_0 
    left join
        (medidata_environments_patient_apps p1_0 
    join
        medidata_apps p1_1 
            on p1_1.id=p1_0.app_id) 
                on m1_0.id=p1_0.environment_id 
        where
            m1_0.id=?
Hibernate: 
    select
        m1_0.id,
        m1_0.are_study_names_similar,
        m1_0.name 
    from
        medidata_sponsors m1_0 
    where
        m1_0.id=?
Hibernate: 
    select
        s1_0.environment_id,
        s1_1.id,
        s1_1.name,
        s1_1.requires_camera 
    from
        medidata_environments_site_apps s1_0 
    join
        medidata_apps s1_1 
            on s1_1.id=s1_0.app_id 
    where
        s1_0.environment_id=?
Hibernate: 
    select
        m1_0.id,
        m1_0.contains_editable_welcome_letter,
        m1_0.contains_translated_docs,
        m1_0.contains_translated_labels,
        m1_0.environment_id,
        m1_0.folder_url,
        m1_0.includes_headphones_styluses,
        m1_0.is_patient_device_ipad,
        m1_0.name,
        m1_0.sponsor_id 
    from
        medidata_studies m1_0 
    where
        m1_0.name=? 
    limit
        ?
Hibernate: 
    select
        m1_0.id,
        m1_0.contains_editable_welcome_letter,
        m1_0.contains_translated_docs,
        m1_0.contains_translated_labels,
        m1_0.environment_id,
        m1_0.folder_url,
        m1_0.includes_headphones_styluses,
        m1_0.is_patient_device_ipad,
        m1_0.name,
        m1_0.sponsor_id 
    from
        medidata_studies m1_0 
    where
        m1_0.name=? 
    limit
        ?
Hibernate: 
    select
        m1_0.id,
        m1_0.is_destination_separated,
        m1_0.is_legacy,
        m1_0.is_os_separated,
        m1_0.is_site_patient_separated,
        p1_0.environment_id,
        p1_1.id,
        p1_1.name,
        p1_1.requires_camera 
    from
        medidata_environments m1_0 
    left join
        (medidata_environments_patient_apps p1_0 
    join
        medidata_apps p1_1 
            on p1_1.id=p1_0.app_id) 
                on m1_0.id=p1_0.environment_id 
        where
            m1_0.id=?
Hibernate: 
    select
        m1_0.id,
        m1_0.are_study_names_similar,
        m1_0.name 
    from
        medidata_sponsors m1_0 
    where
        m1_0.id=?
Hibernate: 
    select
        s1_0.environment_id,
        s1_1.id,
        s1_1.name,
        s1_1.requires_camera 
    from
        medidata_environments_site_apps s1_0 
    join
        medidata_apps s1_1 
            on s1_1.id=s1_0.app_id 
    where
        s1_0.environment_id=?
Hibernate: 
    select
        m1_0.id,
        m1_0.contains_editable_welcome_letter,
        m1_0.contains_translated_docs,
        m1_0.contains_translated_labels,
        e1_0.id,
        e1_0.is_destination_separated,
        e1_0.is_legacy,
        e1_0.is_os_separated,
        e1_0.is_site_patient_separated,
        p1_0.environment_id,
        p1_1.id,
        p1_1.name,
        p1_1.requires_camera,
        m1_0.folder_url,
        m1_0.includes_headphones_styluses,
        m1_0.is_patient_device_ipad,
        m1_0.name,
        s1_0.id,
        s1_0.are_study_names_similar,
        s1_0.name 
    from
        medidata_studies m1_0 
    left join
        medidata_environments e1_0 
            on e1_0.id=m1_0.environment_id 
    left join
        (medidata_environments_patient_apps p1_0 
    join
        medidata_apps p1_1 
            on p1_1.id=p1_0.app_id) 
                on e1_0.id=p1_0.environment_id 
        left join
            medidata_sponsors s1_0 
                on s1_0.id=m1_0.sponsor_id 
        where
            m1_0.id=?
Hibernate: 
    select
        s1_0.environment_id,
        s1_1.id,
        s1_1.name,
        s1_1.requires_camera 
    from
        medidata_environments_site_apps s1_0 
    join
        medidata_apps s1_1 
            on s1_1.id=s1_0.app_id 
    where
        s1_0.environment_id=?
]]></system-out>
  <system-err><![CDATA[]]></system-err>
</testsuite>
