<?xml version="1.0" encoding="UTF-8"?>
<testsuite name="com.example.qcassistant.unit.entityServices.app.MedidataAppServiceTests" tests="5" skipped="0" failures="0" errors="0" timestamp="2023-12-10T08:53:00" hostname="VKTRNDRV" time="0.084">
  <properties/>
  <testcase name="testEditAppWithBlankName()" classname="com.example.qcassistant.unit.entityServices.app.MedidataAppServiceTests" time="0.008"/>
  <testcase name="getAllEditApps_ReturnsCorrectCountAndType()" classname="com.example.qcassistant.unit.entityServices.app.MedidataAppServiceTests" time="0.027"/>
  <testcase name="testAddAppWithExistingName()" classname="com.example.qcassistant.unit.entityServices.app.MedidataAppServiceTests" time="0.012"/>
  <testcase name="testAddAppWithBlankName()" classname="com.example.qcassistant.unit.entityServices.app.MedidataAppServiceTests" time="0.005"/>
  <testcase name="getEditAppById_ReturnsCorrectApp()" classname="com.example.qcassistant.unit.entityServices.app.MedidataAppServiceTests" time="0.022"/>
  <system-out><![CDATA[2023-12-10T10:53:00.476+02:00  INFO 15696 --- [    Test worker] t.c.s.AnnotationConfigContextLoaderUtils : Could not detect default configuration classes for test class [com.example.qcassistant.unit.entityServices.app.MedidataAppServiceTests]: MedidataAppServiceTests does not declare any static, non-private, non-final, nested classes annotated with @Configuration.
2023-12-10T10:53:00.478+02:00  INFO 15696 --- [    Test worker] .b.t.c.SpringBootTestContextBootstrapper : Found @SpringBootConfiguration com.example.qcassistant.Main for test class com.example.qcassistant.unit.entityServices.app.MedidataAppServiceTests
Hibernate: 
    select
        m1_0.id,
        m1_0.name,
        m1_0.requires_camera 
    from
        medidata_apps m1_0
Hibernate: 
    select
        count(*) 
    from
        medidata_apps m1_0
Hibernate: 
    select
        m1_0.id,
        m1_0.name,
        m1_0.requires_camera 
    from
        medidata_apps m1_0 
    where
        m1_0.name=? 
    limit
        ?
Hibernate: 
    select
        m1_0.id,
        m1_0.name,
        m1_0.requires_camera 
    from
        medidata_apps m1_0 
    where
        m1_0.name=? 
    limit
        ?
Hibernate: 
    select
        m1_0.id,
        m1_0.name,
        m1_0.requires_camera 
    from
        medidata_apps m1_0 
    where
        m1_0.id=?
]]></system-out>
  <system-err><![CDATA[]]></system-err>
</testsuite>
