<?xml version="1.0" encoding="UTF-8"?>
<testsuite name="com.example.qcassistant.unit.orderParse.IqviaOrderParseServiceTests" tests="9" skipped="0" failures="0" errors="0" timestamp="2023-12-10T08:53:02" hostname="VKTRNDRV" time="0.574">
  <properties/>
  <testcase name="testDetectLanguage()" classname="com.example.qcassistant.unit.orderParse.IqviaOrderParseServiceTests" time="0.062"/>
  <testcase name="testDetectAccessories()" classname="com.example.qcassistant.unit.orderParse.IqviaOrderParseServiceTests" time="0.063"/>
  <testcase name="testWrongClientThrowsException()" classname="com.example.qcassistant.unit.orderParse.IqviaOrderParseServiceTests" time="0.005"/>
  <testcase name="testDetectOrderType()" classname="com.example.qcassistant.unit.orderParse.IqviaOrderParseServiceTests" time="0.083"/>
  <testcase name="testDetectMultipleCopies()" classname="com.example.qcassistant.unit.orderParse.IqviaOrderParseServiceTests" time="0.089"/>
  <testcase name="testDetectIOSDevices()" classname="com.example.qcassistant.unit.orderParse.IqviaOrderParseServiceTests" time="0.058"/>
  <testcase name="testDetectAndroidDevices()" classname="com.example.qcassistant.unit.orderParse.IqviaOrderParseServiceTests" time="0.073"/>
  <testcase name="testDetectSIMs()" classname="com.example.qcassistant.unit.orderParse.IqviaOrderParseServiceTests" time="0.059"/>
  <testcase name="testDetectWindowsDevices()" classname="com.example.qcassistant.unit.orderParse.IqviaOrderParseServiceTests" time="0.056"/>
  <system-out><![CDATA[2023-12-10T10:53:02.185+02:00  INFO 15696 --- [    Test worker] t.c.s.AnnotationConfigContextLoaderUtils : Could not detect default configuration classes for test class [com.example.qcassistant.unit.orderParse.IqviaOrderParseServiceTests]: IqviaOrderParseServiceTests does not declare any static, non-private, non-final, nested classes annotated with @Configuration.
2023-12-10T10:53:02.201+02:00  INFO 15696 --- [    Test worker] .b.t.c.SpringBootTestContextBootstrapper : Found @SpringBootConfiguration com.example.qcassistant.Main for test class com.example.qcassistant.unit.orderParse.IqviaOrderParseServiceTests
Hibernate: 
    select
        l1_0.id,
        l1_0.name 
    from
        languages l1_0
Hibernate: 
    select
        d1_0.id,
        d1_0.name,
        d1_0.plug_type,
        d1_0.requires_invoice,
        d1_0.requires_special_model,
        d1_0.requires_unused_devices,
        d1_0.sim_type 
    from
        destinations d1_0 
    where
        d1_0.name<>?
Hibernate: 
    select
        d1_0.id,
        d1_0.name,
        d1_0.plug_type,
        d1_0.requires_invoice,
        d1_0.requires_special_model,
        d1_0.requires_unused_devices,
        d1_0.sim_type 
    from
        destinations d1_0 
    where
        d1_0.name=? 
    limit
        ?
Hibernate: 
    select
        l1_0.destination_id,
        l1_1.id,
        l1_1.name 
    from
        destinations_languages l1_0 
    join
        languages l1_1 
            on l1_1.id=l1_0.language_id 
    where
        l1_0.destination_id=?
Hibernate: 
    select
        i1_0.id,
        i1_0.contains_sep_site_patient_labels,
        i1_0.contains_translated_docs,
        i1_0.contains_translated_labels,
        i1_0.environment_id,
        i1_0.folder_url,
        i1_0.is_gsg_plain,
        i1_0.name,
        i1_0.sponsor_id 
    from
        iqvia_studies i1_0 
    where
        i1_0.name<>?
Hibernate: 
    select
        i1_0.id,
        i1_0.is_destination_separated,
        i1_0.is_os_separated,
        i1_0.is_site_patient_separated,
        p1_0.environment_id,
        p1_1.id,
        p1_1.name,
        p1_1.requires_camera 
    from
        iqvia_environments i1_0 
    left join
        (iqvia_environments_patient_apps p1_0 
    join
        iqvia_apps p1_1 
            on p1_1.id=p1_0.app_id) 
                on i1_0.id=p1_0.environment_id 
        where
            i1_0.id=?
Hibernate: 
    select
        i1_0.id,
        i1_0.are_study_names_similar,
        i1_0.name 
    from
        iqvia_sponsors i1_0 
    where
        i1_0.id=?
Hibernate: 
    select
        i1_0.id,
        i1_0.is_destination_separated,
        i1_0.is_os_separated,
        i1_0.is_site_patient_separated,
        p1_0.environment_id,
        p1_1.id,
        p1_1.name,
        p1_1.requires_camera 
    from
        iqvia_environments i1_0 
    left join
        (iqvia_environments_patient_apps p1_0 
    join
        iqvia_apps p1_1 
            on p1_1.id=p1_0.app_id) 
                on i1_0.id=p1_0.environment_id 
        where
            i1_0.id=?
Hibernate: 
    select
        s1_0.environment_id,
        s1_1.id,
        s1_1.name,
        s1_1.requires_camera 
    from
        iqvia_environments_site_apps s1_0 
    join
        iqvia_apps s1_1 
            on s1_1.id=s1_0.app_id 
    where
        s1_0.environment_id=?
Hibernate: 
    select
        s1_0.environment_id,
        s1_1.id,
        s1_1.name,
        s1_1.requires_camera 
    from
        iqvia_environments_site_apps s1_0 
    join
        iqvia_apps s1_1 
            on s1_1.id=s1_0.app_id 
    where
        s1_0.environment_id=?
Hibernate: 
    select
        i1_0.id,
        i1_0.contains_sep_site_patient_labels,
        i1_0.contains_translated_docs,
        i1_0.contains_translated_labels,
        i1_0.environment_id,
        i1_0.folder_url,
        i1_0.is_gsg_plain,
        i1_0.name,
        i1_0.sponsor_id 
    from
        iqvia_studies i1_0 
    where
        i1_0.name=? 
    limit
        ?
Hibernate: 
    select
        i1_0.id,
        i1_0.is_destination_separated,
        i1_0.is_os_separated,
        i1_0.is_site_patient_separated,
        p1_0.environment_id,
        p1_1.id,
        p1_1.name,
        p1_1.requires_camera 
    from
        iqvia_environments i1_0 
    left join
        (iqvia_environments_patient_apps p1_0 
    join
        iqvia_apps p1_1 
            on p1_1.id=p1_0.app_id) 
                on i1_0.id=p1_0.environment_id 
        where
            i1_0.id=?
Hibernate: 
    select
        i1_0.id,
        i1_0.are_study_names_similar,
        i1_0.name 
    from
        iqvia_sponsors i1_0 
    where
        i1_0.id=?
Hibernate: 
    select
        s1_0.environment_id,
        s1_1.id,
        s1_1.name,
        s1_1.requires_camera 
    from
        iqvia_environments_site_apps s1_0 
    join
        iqvia_apps s1_1 
            on s1_1.id=s1_0.app_id 
    where
        s1_0.environment_id=?
Hibernate: 
    select
        l1_0.id,
        l1_0.name 
    from
        languages l1_0
Hibernate: 
    select
        d1_0.id,
        d1_0.name,
        d1_0.plug_type,
        d1_0.requires_invoice,
        d1_0.requires_special_model,
        d1_0.requires_unused_devices,
        d1_0.sim_type 
    from
        destinations d1_0 
    where
        d1_0.name<>?
Hibernate: 
    select
        d1_0.id,
        d1_0.name,
        d1_0.plug_type,
        d1_0.requires_invoice,
        d1_0.requires_special_model,
        d1_0.requires_unused_devices,
        d1_0.sim_type 
    from
        destinations d1_0 
    where
        d1_0.name=? 
    limit
        ?
Hibernate: 
    select
        l1_0.destination_id,
        l1_1.id,
        l1_1.name 
    from
        destinations_languages l1_0 
    join
        languages l1_1 
            on l1_1.id=l1_0.language_id 
    where
        l1_0.destination_id=?
Hibernate: 
    select
        i1_0.id,
        i1_0.contains_sep_site_patient_labels,
        i1_0.contains_translated_docs,
        i1_0.contains_translated_labels,
        i1_0.environment_id,
        i1_0.folder_url,
        i1_0.is_gsg_plain,
        i1_0.name,
        i1_0.sponsor_id 
    from
        iqvia_studies i1_0 
    where
        i1_0.name<>?
Hibernate: 
    select
        i1_0.id,
        i1_0.is_destination_separated,
        i1_0.is_os_separated,
        i1_0.is_site_patient_separated,
        p1_0.environment_id,
        p1_1.id,
        p1_1.name,
        p1_1.requires_camera 
    from
        iqvia_environments i1_0 
    left join
        (iqvia_environments_patient_apps p1_0 
    join
        iqvia_apps p1_1 
            on p1_1.id=p1_0.app_id) 
                on i1_0.id=p1_0.environment_id 
        where
            i1_0.id=?
Hibernate: 
    select
        i1_0.id,
        i1_0.are_study_names_similar,
        i1_0.name 
    from
        iqvia_sponsors i1_0 
    where
        i1_0.id=?
Hibernate: 
    select
        i1_0.id,
        i1_0.is_destination_separated,
        i1_0.is_os_separated,
        i1_0.is_site_patient_separated,
        p1_0.environment_id,
        p1_1.id,
        p1_1.name,
        p1_1.requires_camera 
    from
        iqvia_environments i1_0 
    left join
        (iqvia_environments_patient_apps p1_0 
    join
        iqvia_apps p1_1 
            on p1_1.id=p1_0.app_id) 
                on i1_0.id=p1_0.environment_id 
        where
            i1_0.id=?
Hibernate: 
    select
        s1_0.environment_id,
        s1_1.id,
        s1_1.name,
        s1_1.requires_camera 
    from
        iqvia_environments_site_apps s1_0 
    join
        iqvia_apps s1_1 
            on s1_1.id=s1_0.app_id 
    where
        s1_0.environment_id=?
Hibernate: 
    select
        s1_0.environment_id,
        s1_1.id,
        s1_1.name,
        s1_1.requires_camera 
    from
        iqvia_environments_site_apps s1_0 
    join
        iqvia_apps s1_1 
            on s1_1.id=s1_0.app_id 
    where
        s1_0.environment_id=?
Hibernate: 
    select
        i1_0.id,
        i1_0.contains_sep_site_patient_labels,
        i1_0.contains_translated_docs,
        i1_0.contains_translated_labels,
        i1_0.environment_id,
        i1_0.folder_url,
        i1_0.is_gsg_plain,
        i1_0.name,
        i1_0.sponsor_id 
    from
        iqvia_studies i1_0 
    where
        i1_0.name=? 
    limit
        ?
Hibernate: 
    select
        i1_0.id,
        i1_0.is_destination_separated,
        i1_0.is_os_separated,
        i1_0.is_site_patient_separated,
        p1_0.environment_id,
        p1_1.id,
        p1_1.name,
        p1_1.requires_camera 
    from
        iqvia_environments i1_0 
    left join
        (iqvia_environments_patient_apps p1_0 
    join
        iqvia_apps p1_1 
            on p1_1.id=p1_0.app_id) 
                on i1_0.id=p1_0.environment_id 
        where
            i1_0.id=?
Hibernate: 
    select
        i1_0.id,
        i1_0.are_study_names_similar,
        i1_0.name 
    from
        iqvia_sponsors i1_0 
    where
        i1_0.id=?
Hibernate: 
    select
        s1_0.environment_id,
        s1_1.id,
        s1_1.name,
        s1_1.requires_camera 
    from
        iqvia_environments_site_apps s1_0 
    join
        iqvia_apps s1_1 
            on s1_1.id=s1_0.app_id 
    where
        s1_0.environment_id=?
Hibernate: 
    select
        l1_0.id,
        l1_0.name 
    from
        languages l1_0
Hibernate: 
    select
        d1_0.id,
        d1_0.name,
        d1_0.plug_type,
        d1_0.requires_invoice,
        d1_0.requires_special_model,
        d1_0.requires_unused_devices,
        d1_0.sim_type 
    from
        destinations d1_0 
    where
        d1_0.name<>?
Hibernate: 
    select
        d1_0.id,
        d1_0.name,
        d1_0.plug_type,
        d1_0.requires_invoice,
        d1_0.requires_special_model,
        d1_0.requires_unused_devices,
        d1_0.sim_type 
    from
        destinations d1_0 
    where
        d1_0.name=? 
    limit
        ?
Hibernate: 
    select
        l1_0.destination_id,
        l1_1.id,
        l1_1.name 
    from
        destinations_languages l1_0 
    join
        languages l1_1 
            on l1_1.id=l1_0.language_id 
    where
        l1_0.destination_id=?
Hibernate: 
    select
        i1_0.id,
        i1_0.contains_sep_site_patient_labels,
        i1_0.contains_translated_docs,
        i1_0.contains_translated_labels,
        i1_0.environment_id,
        i1_0.folder_url,
        i1_0.is_gsg_plain,
        i1_0.name,
        i1_0.sponsor_id 
    from
        iqvia_studies i1_0 
    where
        i1_0.name<>?
Hibernate: 
    select
        i1_0.id,
        i1_0.is_destination_separated,
        i1_0.is_os_separated,
        i1_0.is_site_patient_separated,
        p1_0.environment_id,
        p1_1.id,
        p1_1.name,
        p1_1.requires_camera 
    from
        iqvia_environments i1_0 
    left join
        (iqvia_environments_patient_apps p1_0 
    join
        iqvia_apps p1_1 
            on p1_1.id=p1_0.app_id) 
                on i1_0.id=p1_0.environment_id 
        where
            i1_0.id=?
Hibernate: 
    select
        i1_0.id,
        i1_0.are_study_names_similar,
        i1_0.name 
    from
        iqvia_sponsors i1_0 
    where
        i1_0.id=?
Hibernate: 
    select
        i1_0.id,
        i1_0.is_destination_separated,
        i1_0.is_os_separated,
        i1_0.is_site_patient_separated,
        p1_0.environment_id,
        p1_1.id,
        p1_1.name,
        p1_1.requires_camera 
    from
        iqvia_environments i1_0 
    left join
        (iqvia_environments_patient_apps p1_0 
    join
        iqvia_apps p1_1 
            on p1_1.id=p1_0.app_id) 
                on i1_0.id=p1_0.environment_id 
        where
            i1_0.id=?
Hibernate: 
    select
        s1_0.environment_id,
        s1_1.id,
        s1_1.name,
        s1_1.requires_camera 
    from
        iqvia_environments_site_apps s1_0 
    join
        iqvia_apps s1_1 
            on s1_1.id=s1_0.app_id 
    where
        s1_0.environment_id=?
Hibernate: 
    select
        s1_0.environment_id,
        s1_1.id,
        s1_1.name,
        s1_1.requires_camera 
    from
        iqvia_environments_site_apps s1_0 
    join
        iqvia_apps s1_1 
            on s1_1.id=s1_0.app_id 
    where
        s1_0.environment_id=?
Hibernate: 
    select
        i1_0.id,
        i1_0.contains_sep_site_patient_labels,
        i1_0.contains_translated_docs,
        i1_0.contains_translated_labels,
        i1_0.environment_id,
        i1_0.folder_url,
        i1_0.is_gsg_plain,
        i1_0.name,
        i1_0.sponsor_id 
    from
        iqvia_studies i1_0 
    where
        i1_0.name=? 
    limit
        ?
Hibernate: 
    select
        i1_0.id,
        i1_0.is_destination_separated,
        i1_0.is_os_separated,
        i1_0.is_site_patient_separated,
        p1_0.environment_id,
        p1_1.id,
        p1_1.name,
        p1_1.requires_camera 
    from
        iqvia_environments i1_0 
    left join
        (iqvia_environments_patient_apps p1_0 
    join
        iqvia_apps p1_1 
            on p1_1.id=p1_0.app_id) 
                on i1_0.id=p1_0.environment_id 
        where
            i1_0.id=?
Hibernate: 
    select
        i1_0.id,
        i1_0.are_study_names_similar,
        i1_0.name 
    from
        iqvia_sponsors i1_0 
    where
        i1_0.id=?
Hibernate: 
    select
        s1_0.environment_id,
        s1_1.id,
        s1_1.name,
        s1_1.requires_camera 
    from
        iqvia_environments_site_apps s1_0 
    join
        iqvia_apps s1_1 
            on s1_1.id=s1_0.app_id 
    where
        s1_0.environment_id=?
Hibernate: 
    select
        l1_0.id,
        l1_0.name 
    from
        languages l1_0
Hibernate: 
    select
        d1_0.id,
        d1_0.name,
        d1_0.plug_type,
        d1_0.requires_invoice,
        d1_0.requires_special_model,
        d1_0.requires_unused_devices,
        d1_0.sim_type 
    from
        destinations d1_0 
    where
        d1_0.name<>?
Hibernate: 
    select
        d1_0.id,
        d1_0.name,
        d1_0.plug_type,
        d1_0.requires_invoice,
        d1_0.requires_special_model,
        d1_0.requires_unused_devices,
        d1_0.sim_type 
    from
        destinations d1_0 
    where
        d1_0.name=? 
    limit
        ?
Hibernate: 
    select
        l1_0.destination_id,
        l1_1.id,
        l1_1.name 
    from
        destinations_languages l1_0 
    join
        languages l1_1 
            on l1_1.id=l1_0.language_id 
    where
        l1_0.destination_id=?
Hibernate: 
    select
        i1_0.id,
        i1_0.contains_sep_site_patient_labels,
        i1_0.contains_translated_docs,
        i1_0.contains_translated_labels,
        i1_0.environment_id,
        i1_0.folder_url,
        i1_0.is_gsg_plain,
        i1_0.name,
        i1_0.sponsor_id 
    from
        iqvia_studies i1_0 
    where
        i1_0.name<>?
Hibernate: 
    select
        i1_0.id,
        i1_0.is_destination_separated,
        i1_0.is_os_separated,
        i1_0.is_site_patient_separated,
        p1_0.environment_id,
        p1_1.id,
        p1_1.name,
        p1_1.requires_camera 
    from
        iqvia_environments i1_0 
    left join
        (iqvia_environments_patient_apps p1_0 
    join
        iqvia_apps p1_1 
            on p1_1.id=p1_0.app_id) 
                on i1_0.id=p1_0.environment_id 
        where
            i1_0.id=?
Hibernate: 
    select
        i1_0.id,
        i1_0.are_study_names_similar,
        i1_0.name 
    from
        iqvia_sponsors i1_0 
    where
        i1_0.id=?
Hibernate: 
    select
        i1_0.id,
        i1_0.is_destination_separated,
        i1_0.is_os_separated,
        i1_0.is_site_patient_separated,
        p1_0.environment_id,
        p1_1.id,
        p1_1.name,
        p1_1.requires_camera 
    from
        iqvia_environments i1_0 
    left join
        (iqvia_environments_patient_apps p1_0 
    join
        iqvia_apps p1_1 
            on p1_1.id=p1_0.app_id) 
                on i1_0.id=p1_0.environment_id 
        where
            i1_0.id=?
Hibernate: 
    select
        s1_0.environment_id,
        s1_1.id,
        s1_1.name,
        s1_1.requires_camera 
    from
        iqvia_environments_site_apps s1_0 
    join
        iqvia_apps s1_1 
            on s1_1.id=s1_0.app_id 
    where
        s1_0.environment_id=?
Hibernate: 
    select
        s1_0.environment_id,
        s1_1.id,
        s1_1.name,
        s1_1.requires_camera 
    from
        iqvia_environments_site_apps s1_0 
    join
        iqvia_apps s1_1 
            on s1_1.id=s1_0.app_id 
    where
        s1_0.environment_id=?
Hibernate: 
    select
        i1_0.id,
        i1_0.contains_sep_site_patient_labels,
        i1_0.contains_translated_docs,
        i1_0.contains_translated_labels,
        i1_0.environment_id,
        i1_0.folder_url,
        i1_0.is_gsg_plain,
        i1_0.name,
        i1_0.sponsor_id 
    from
        iqvia_studies i1_0 
    where
        i1_0.name=? 
    limit
        ?
Hibernate: 
    select
        i1_0.id,
        i1_0.is_destination_separated,
        i1_0.is_os_separated,
        i1_0.is_site_patient_separated,
        p1_0.environment_id,
        p1_1.id,
        p1_1.name,
        p1_1.requires_camera 
    from
        iqvia_environments i1_0 
    left join
        (iqvia_environments_patient_apps p1_0 
    join
        iqvia_apps p1_1 
            on p1_1.id=p1_0.app_id) 
                on i1_0.id=p1_0.environment_id 
        where
            i1_0.id=?
Hibernate: 
    select
        i1_0.id,
        i1_0.are_study_names_similar,
        i1_0.name 
    from
        iqvia_sponsors i1_0 
    where
        i1_0.id=?
Hibernate: 
    select
        s1_0.environment_id,
        s1_1.id,
        s1_1.name,
        s1_1.requires_camera 
    from
        iqvia_environments_site_apps s1_0 
    join
        iqvia_apps s1_1 
            on s1_1.id=s1_0.app_id 
    where
        s1_0.environment_id=?
Hibernate: 
    select
        l1_0.id,
        l1_0.name 
    from
        languages l1_0
Hibernate: 
    select
        d1_0.id,
        d1_0.name,
        d1_0.plug_type,
        d1_0.requires_invoice,
        d1_0.requires_special_model,
        d1_0.requires_unused_devices,
        d1_0.sim_type 
    from
        destinations d1_0 
    where
        d1_0.name<>?
Hibernate: 
    select
        d1_0.id,
        d1_0.name,
        d1_0.plug_type,
        d1_0.requires_invoice,
        d1_0.requires_special_model,
        d1_0.requires_unused_devices,
        d1_0.sim_type 
    from
        destinations d1_0 
    where
        d1_0.name=? 
    limit
        ?
Hibernate: 
    select
        l1_0.destination_id,
        l1_1.id,
        l1_1.name 
    from
        destinations_languages l1_0 
    join
        languages l1_1 
            on l1_1.id=l1_0.language_id 
    where
        l1_0.destination_id=?
Hibernate: 
    select
        i1_0.id,
        i1_0.contains_sep_site_patient_labels,
        i1_0.contains_translated_docs,
        i1_0.contains_translated_labels,
        i1_0.environment_id,
        i1_0.folder_url,
        i1_0.is_gsg_plain,
        i1_0.name,
        i1_0.sponsor_id 
    from
        iqvia_studies i1_0 
    where
        i1_0.name<>?
Hibernate: 
    select
        i1_0.id,
        i1_0.is_destination_separated,
        i1_0.is_os_separated,
        i1_0.is_site_patient_separated,
        p1_0.environment_id,
        p1_1.id,
        p1_1.name,
        p1_1.requires_camera 
    from
        iqvia_environments i1_0 
    left join
        (iqvia_environments_patient_apps p1_0 
    join
        iqvia_apps p1_1 
            on p1_1.id=p1_0.app_id) 
                on i1_0.id=p1_0.environment_id 
        where
            i1_0.id=?
Hibernate: 
    select
        i1_0.id,
        i1_0.are_study_names_similar,
        i1_0.name 
    from
        iqvia_sponsors i1_0 
    where
        i1_0.id=?
Hibernate: 
    select
        i1_0.id,
        i1_0.is_destination_separated,
        i1_0.is_os_separated,
        i1_0.is_site_patient_separated,
        p1_0.environment_id,
        p1_1.id,
        p1_1.name,
        p1_1.requires_camera 
    from
        iqvia_environments i1_0 
    left join
        (iqvia_environments_patient_apps p1_0 
    join
        iqvia_apps p1_1 
            on p1_1.id=p1_0.app_id) 
                on i1_0.id=p1_0.environment_id 
        where
            i1_0.id=?
Hibernate: 
    select
        s1_0.environment_id,
        s1_1.id,
        s1_1.name,
        s1_1.requires_camera 
    from
        iqvia_environments_site_apps s1_0 
    join
        iqvia_apps s1_1 
            on s1_1.id=s1_0.app_id 
    where
        s1_0.environment_id=?
Hibernate: 
    select
        s1_0.environment_id,
        s1_1.id,
        s1_1.name,
        s1_1.requires_camera 
    from
        iqvia_environments_site_apps s1_0 
    join
        iqvia_apps s1_1 
            on s1_1.id=s1_0.app_id 
    where
        s1_0.environment_id=?
Hibernate: 
    select
        i1_0.id,
        i1_0.contains_sep_site_patient_labels,
        i1_0.contains_translated_docs,
        i1_0.contains_translated_labels,
        i1_0.environment_id,
        i1_0.folder_url,
        i1_0.is_gsg_plain,
        i1_0.name,
        i1_0.sponsor_id 
    from
        iqvia_studies i1_0 
    where
        i1_0.name=? 
    limit
        ?
Hibernate: 
    select
        i1_0.id,
        i1_0.is_destination_separated,
        i1_0.is_os_separated,
        i1_0.is_site_patient_separated,
        p1_0.environment_id,
        p1_1.id,
        p1_1.name,
        p1_1.requires_camera 
    from
        iqvia_environments i1_0 
    left join
        (iqvia_environments_patient_apps p1_0 
    join
        iqvia_apps p1_1 
            on p1_1.id=p1_0.app_id) 
                on i1_0.id=p1_0.environment_id 
        where
            i1_0.id=?
Hibernate: 
    select
        i1_0.id,
        i1_0.are_study_names_similar,
        i1_0.name 
    from
        iqvia_sponsors i1_0 
    where
        i1_0.id=?
Hibernate: 
    select
        s1_0.environment_id,
        s1_1.id,
        s1_1.name,
        s1_1.requires_camera 
    from
        iqvia_environments_site_apps s1_0 
    join
        iqvia_apps s1_1 
            on s1_1.id=s1_0.app_id 
    where
        s1_0.environment_id=?
Hibernate: 
    select
        l1_0.id,
        l1_0.name 
    from
        languages l1_0
Hibernate: 
    select
        d1_0.id,
        d1_0.name,
        d1_0.plug_type,
        d1_0.requires_invoice,
        d1_0.requires_special_model,
        d1_0.requires_unused_devices,
        d1_0.sim_type 
    from
        destinations d1_0 
    where
        d1_0.name<>?
Hibernate: 
    select
        d1_0.id,
        d1_0.name,
        d1_0.plug_type,
        d1_0.requires_invoice,
        d1_0.requires_special_model,
        d1_0.requires_unused_devices,
        d1_0.sim_type 
    from
        destinations d1_0 
    where
        d1_0.name=? 
    limit
        ?
Hibernate: 
    select
        l1_0.destination_id,
        l1_1.id,
        l1_1.name 
    from
        destinations_languages l1_0 
    join
        languages l1_1 
            on l1_1.id=l1_0.language_id 
    where
        l1_0.destination_id=?
Hibernate: 
    select
        i1_0.id,
        i1_0.contains_sep_site_patient_labels,
        i1_0.contains_translated_docs,
        i1_0.contains_translated_labels,
        i1_0.environment_id,
        i1_0.folder_url,
        i1_0.is_gsg_plain,
        i1_0.name,
        i1_0.sponsor_id 
    from
        iqvia_studies i1_0 
    where
        i1_0.name<>?
Hibernate: 
    select
        i1_0.id,
        i1_0.is_destination_separated,
        i1_0.is_os_separated,
        i1_0.is_site_patient_separated,
        p1_0.environment_id,
        p1_1.id,
        p1_1.name,
        p1_1.requires_camera 
    from
        iqvia_environments i1_0 
    left join
        (iqvia_environments_patient_apps p1_0 
    join
        iqvia_apps p1_1 
            on p1_1.id=p1_0.app_id) 
                on i1_0.id=p1_0.environment_id 
        where
            i1_0.id=?
Hibernate: 
    select
        i1_0.id,
        i1_0.are_study_names_similar,
        i1_0.name 
    from
        iqvia_sponsors i1_0 
    where
        i1_0.id=?
Hibernate: 
    select
        i1_0.id,
        i1_0.is_destination_separated,
        i1_0.is_os_separated,
        i1_0.is_site_patient_separated,
        p1_0.environment_id,
        p1_1.id,
        p1_1.name,
        p1_1.requires_camera 
    from
        iqvia_environments i1_0 
    left join
        (iqvia_environments_patient_apps p1_0 
    join
        iqvia_apps p1_1 
            on p1_1.id=p1_0.app_id) 
                on i1_0.id=p1_0.environment_id 
        where
            i1_0.id=?
Hibernate: 
    select
        s1_0.environment_id,
        s1_1.id,
        s1_1.name,
        s1_1.requires_camera 
    from
        iqvia_environments_site_apps s1_0 
    join
        iqvia_apps s1_1 
            on s1_1.id=s1_0.app_id 
    where
        s1_0.environment_id=?
Hibernate: 
    select
        s1_0.environment_id,
        s1_1.id,
        s1_1.name,
        s1_1.requires_camera 
    from
        iqvia_environments_site_apps s1_0 
    join
        iqvia_apps s1_1 
            on s1_1.id=s1_0.app_id 
    where
        s1_0.environment_id=?
Hibernate: 
    select
        i1_0.id,
        i1_0.contains_sep_site_patient_labels,
        i1_0.contains_translated_docs,
        i1_0.contains_translated_labels,
        i1_0.environment_id,
        i1_0.folder_url,
        i1_0.is_gsg_plain,
        i1_0.name,
        i1_0.sponsor_id 
    from
        iqvia_studies i1_0 
    where
        i1_0.name=? 
    limit
        ?
Hibernate: 
    select
        i1_0.id,
        i1_0.is_destination_separated,
        i1_0.is_os_separated,
        i1_0.is_site_patient_separated,
        p1_0.environment_id,
        p1_1.id,
        p1_1.name,
        p1_1.requires_camera 
    from
        iqvia_environments i1_0 
    left join
        (iqvia_environments_patient_apps p1_0 
    join
        iqvia_apps p1_1 
            on p1_1.id=p1_0.app_id) 
                on i1_0.id=p1_0.environment_id 
        where
            i1_0.id=?
Hibernate: 
    select
        i1_0.id,
        i1_0.are_study_names_similar,
        i1_0.name 
    from
        iqvia_sponsors i1_0 
    where
        i1_0.id=?
Hibernate: 
    select
        s1_0.environment_id,
        s1_1.id,
        s1_1.name,
        s1_1.requires_camera 
    from
        iqvia_environments_site_apps s1_0 
    join
        iqvia_apps s1_1 
            on s1_1.id=s1_0.app_id 
    where
        s1_0.environment_id=?
Hibernate: 
    select
        l1_0.id,
        l1_0.name 
    from
        languages l1_0
Hibernate: 
    select
        d1_0.id,
        d1_0.name,
        d1_0.plug_type,
        d1_0.requires_invoice,
        d1_0.requires_special_model,
        d1_0.requires_unused_devices,
        d1_0.sim_type 
    from
        destinations d1_0 
    where
        d1_0.name<>?
Hibernate: 
    select
        d1_0.id,
        d1_0.name,
        d1_0.plug_type,
        d1_0.requires_invoice,
        d1_0.requires_special_model,
        d1_0.requires_unused_devices,
        d1_0.sim_type 
    from
        destinations d1_0 
    where
        d1_0.name=? 
    limit
        ?
Hibernate: 
    select
        l1_0.destination_id,
        l1_1.id,
        l1_1.name 
    from
        destinations_languages l1_0 
    join
        languages l1_1 
            on l1_1.id=l1_0.language_id 
    where
        l1_0.destination_id=?
Hibernate: 
    select
        i1_0.id,
        i1_0.contains_sep_site_patient_labels,
        i1_0.contains_translated_docs,
        i1_0.contains_translated_labels,
        i1_0.environment_id,
        i1_0.folder_url,
        i1_0.is_gsg_plain,
        i1_0.name,
        i1_0.sponsor_id 
    from
        iqvia_studies i1_0 
    where
        i1_0.name<>?
Hibernate: 
    select
        i1_0.id,
        i1_0.is_destination_separated,
        i1_0.is_os_separated,
        i1_0.is_site_patient_separated,
        p1_0.environment_id,
        p1_1.id,
        p1_1.name,
        p1_1.requires_camera 
    from
        iqvia_environments i1_0 
    left join
        (iqvia_environments_patient_apps p1_0 
    join
        iqvia_apps p1_1 
            on p1_1.id=p1_0.app_id) 
                on i1_0.id=p1_0.environment_id 
        where
            i1_0.id=?
Hibernate: 
    select
        i1_0.id,
        i1_0.are_study_names_similar,
        i1_0.name 
    from
        iqvia_sponsors i1_0 
    where
        i1_0.id=?
Hibernate: 
    select
        i1_0.id,
        i1_0.is_destination_separated,
        i1_0.is_os_separated,
        i1_0.is_site_patient_separated,
        p1_0.environment_id,
        p1_1.id,
        p1_1.name,
        p1_1.requires_camera 
    from
        iqvia_environments i1_0 
    left join
        (iqvia_environments_patient_apps p1_0 
    join
        iqvia_apps p1_1 
            on p1_1.id=p1_0.app_id) 
                on i1_0.id=p1_0.environment_id 
        where
            i1_0.id=?
Hibernate: 
    select
        s1_0.environment_id,
        s1_1.id,
        s1_1.name,
        s1_1.requires_camera 
    from
        iqvia_environments_site_apps s1_0 
    join
        iqvia_apps s1_1 
            on s1_1.id=s1_0.app_id 
    where
        s1_0.environment_id=?
Hibernate: 
    select
        s1_0.environment_id,
        s1_1.id,
        s1_1.name,
        s1_1.requires_camera 
    from
        iqvia_environments_site_apps s1_0 
    join
        iqvia_apps s1_1 
            on s1_1.id=s1_0.app_id 
    where
        s1_0.environment_id=?
Hibernate: 
    select
        i1_0.id,
        i1_0.contains_sep_site_patient_labels,
        i1_0.contains_translated_docs,
        i1_0.contains_translated_labels,
        i1_0.environment_id,
        i1_0.folder_url,
        i1_0.is_gsg_plain,
        i1_0.name,
        i1_0.sponsor_id 
    from
        iqvia_studies i1_0 
    where
        i1_0.name=? 
    limit
        ?
Hibernate: 
    select
        i1_0.id,
        i1_0.is_destination_separated,
        i1_0.is_os_separated,
        i1_0.is_site_patient_separated,
        p1_0.environment_id,
        p1_1.id,
        p1_1.name,
        p1_1.requires_camera 
    from
        iqvia_environments i1_0 
    left join
        (iqvia_environments_patient_apps p1_0 
    join
        iqvia_apps p1_1 
            on p1_1.id=p1_0.app_id) 
                on i1_0.id=p1_0.environment_id 
        where
            i1_0.id=?
Hibernate: 
    select
        i1_0.id,
        i1_0.are_study_names_similar,
        i1_0.name 
    from
        iqvia_sponsors i1_0 
    where
        i1_0.id=?
Hibernate: 
    select
        s1_0.environment_id,
        s1_1.id,
        s1_1.name,
        s1_1.requires_camera 
    from
        iqvia_environments_site_apps s1_0 
    join
        iqvia_apps s1_1 
            on s1_1.id=s1_0.app_id 
    where
        s1_0.environment_id=?
Hibernate: 
    select
        l1_0.id,
        l1_0.name 
    from
        languages l1_0
Hibernate: 
    select
        d1_0.id,
        d1_0.name,
        d1_0.plug_type,
        d1_0.requires_invoice,
        d1_0.requires_special_model,
        d1_0.requires_unused_devices,
        d1_0.sim_type 
    from
        destinations d1_0 
    where
        d1_0.name<>?
Hibernate: 
    select
        d1_0.id,
        d1_0.name,
        d1_0.plug_type,
        d1_0.requires_invoice,
        d1_0.requires_special_model,
        d1_0.requires_unused_devices,
        d1_0.sim_type 
    from
        destinations d1_0 
    where
        d1_0.name=? 
    limit
        ?
Hibernate: 
    select
        l1_0.destination_id,
        l1_1.id,
        l1_1.name 
    from
        destinations_languages l1_0 
    join
        languages l1_1 
            on l1_1.id=l1_0.language_id 
    where
        l1_0.destination_id=?
Hibernate: 
    select
        i1_0.id,
        i1_0.contains_sep_site_patient_labels,
        i1_0.contains_translated_docs,
        i1_0.contains_translated_labels,
        i1_0.environment_id,
        i1_0.folder_url,
        i1_0.is_gsg_plain,
        i1_0.name,
        i1_0.sponsor_id 
    from
        iqvia_studies i1_0 
    where
        i1_0.name<>?
Hibernate: 
    select
        i1_0.id,
        i1_0.is_destination_separated,
        i1_0.is_os_separated,
        i1_0.is_site_patient_separated,
        p1_0.environment_id,
        p1_1.id,
        p1_1.name,
        p1_1.requires_camera 
    from
        iqvia_environments i1_0 
    left join
        (iqvia_environments_patient_apps p1_0 
    join
        iqvia_apps p1_1 
            on p1_1.id=p1_0.app_id) 
                on i1_0.id=p1_0.environment_id 
        where
            i1_0.id=?
Hibernate: 
    select
        i1_0.id,
        i1_0.are_study_names_similar,
        i1_0.name 
    from
        iqvia_sponsors i1_0 
    where
        i1_0.id=?
Hibernate: 
    select
        i1_0.id,
        i1_0.is_destination_separated,
        i1_0.is_os_separated,
        i1_0.is_site_patient_separated,
        p1_0.environment_id,
        p1_1.id,
        p1_1.name,
        p1_1.requires_camera 
    from
        iqvia_environments i1_0 
    left join
        (iqvia_environments_patient_apps p1_0 
    join
        iqvia_apps p1_1 
            on p1_1.id=p1_0.app_id) 
                on i1_0.id=p1_0.environment_id 
        where
            i1_0.id=?
Hibernate: 
    select
        s1_0.environment_id,
        s1_1.id,
        s1_1.name,
        s1_1.requires_camera 
    from
        iqvia_environments_site_apps s1_0 
    join
        iqvia_apps s1_1 
            on s1_1.id=s1_0.app_id 
    where
        s1_0.environment_id=?
Hibernate: 
    select
        s1_0.environment_id,
        s1_1.id,
        s1_1.name,
        s1_1.requires_camera 
    from
        iqvia_environments_site_apps s1_0 
    join
        iqvia_apps s1_1 
            on s1_1.id=s1_0.app_id 
    where
        s1_0.environment_id=?
Hibernate: 
    select
        i1_0.id,
        i1_0.contains_sep_site_patient_labels,
        i1_0.contains_translated_docs,
        i1_0.contains_translated_labels,
        i1_0.environment_id,
        i1_0.folder_url,
        i1_0.is_gsg_plain,
        i1_0.name,
        i1_0.sponsor_id 
    from
        iqvia_studies i1_0 
    where
        i1_0.name=? 
    limit
        ?
Hibernate: 
    select
        i1_0.id,
        i1_0.is_destination_separated,
        i1_0.is_os_separated,
        i1_0.is_site_patient_separated,
        p1_0.environment_id,
        p1_1.id,
        p1_1.name,
        p1_1.requires_camera 
    from
        iqvia_environments i1_0 
    left join
        (iqvia_environments_patient_apps p1_0 
    join
        iqvia_apps p1_1 
            on p1_1.id=p1_0.app_id) 
                on i1_0.id=p1_0.environment_id 
        where
            i1_0.id=?
Hibernate: 
    select
        i1_0.id,
        i1_0.are_study_names_similar,
        i1_0.name 
    from
        iqvia_sponsors i1_0 
    where
        i1_0.id=?
Hibernate: 
    select
        s1_0.environment_id,
        s1_1.id,
        s1_1.name,
        s1_1.requires_camera 
    from
        iqvia_environments_site_apps s1_0 
    join
        iqvia_apps s1_1 
            on s1_1.id=s1_0.app_id 
    where
        s1_0.environment_id=?
]]></system-out>
  <system-err><![CDATA[]]></system-err>
</testsuite>
