<?xml version="1.0" encoding="UTF-8"?>
<testsuite name="com.example.qcassistant.unit.entityServices.study.IqviaStudyServiceTests" tests="12" skipped="0" failures="0" errors="0" timestamp="2023-12-10T08:53:01" hostname="VKTRNDRV" time="0.313">
  <properties/>
  <testcase name="editStudy_BlankName()" classname="com.example.qcassistant.unit.entityServices.study.IqviaStudyServiceTests" time="0.007"/>
  <testcase name="editStudy_NoApps()" classname="com.example.qcassistant.unit.entityServices.study.IqviaStudyServiceTests" time="0.019"/>
  <testcase name="editStudy_UniqueName()" classname="com.example.qcassistant.unit.entityServices.study.IqviaStudyServiceTests" time="0.008"/>
  <testcase name="getTagStudies_DoesNotReturnUNKNOWN()" classname="com.example.qcassistant.unit.entityServices.study.IqviaStudyServiceTests" time="0.025"/>
  <testcase name="addStudy_UniqueName()" classname="com.example.qcassistant.unit.entityServices.study.IqviaStudyServiceTests" time="0.03"/>
  <testcase name="getStudyEditById_ReturnsCorrectStudy()" classname="com.example.qcassistant.unit.entityServices.study.IqviaStudyServiceTests" time="0.063"/>
  <testcase name="displayAllStudies_DoesNotReturnUnknownPlusCorrectCount()" classname="com.example.qcassistant.unit.entityServices.study.IqviaStudyServiceTests" time="0.043"/>
  <testcase name="getEntities_DoesNotReturnUNKNOWN()" classname="com.example.qcassistant.unit.entityServices.study.IqviaStudyServiceTests" time="0.031"/>
  <testcase name="getUnknownStudy_ReturnsUnknown()" classname="com.example.qcassistant.unit.entityServices.study.IqviaStudyServiceTests" time="0.016"/>
  <testcase name="addStudy_NoApps()" classname="com.example.qcassistant.unit.entityServices.study.IqviaStudyServiceTests" time="0.011"/>
  <testcase name="getStudyInfoById_ReturnsCorrectStudy()" classname="com.example.qcassistant.unit.entityServices.study.IqviaStudyServiceTests" time="0.029"/>
  <testcase name="addStudy_BlankName()" classname="com.example.qcassistant.unit.entityServices.study.IqviaStudyServiceTests" time="0.005"/>
  <system-out><![CDATA[2023-12-10T10:53:00.990+02:00  INFO 15696 --- [    Test worker] t.c.s.AnnotationConfigContextLoaderUtils : Could not detect default configuration classes for test class [com.example.qcassistant.unit.entityServices.study.IqviaStudyServiceTests]: IqviaStudyServiceTests does not declare any static, non-private, non-final, nested classes annotated with @Configuration.
2023-12-10T10:53:01.010+02:00  INFO 15696 --- [    Test worker] .b.t.c.SpringBootTestContextBootstrapper : Found @SpringBootConfiguration com.example.qcassistant.Main for test class com.example.qcassistant.unit.entityServices.study.IqviaStudyServiceTests
Hibernate: 
    select
        i1_0.id,
        i1_0.contains_sep_site_patient_labels,
        i1_0.contains_translated_docs,
        i1_0.contains_translated_labels,
        i1_0.environment_id,
        i1_0.folder_url,
        i1_0.is_gsg_plain,
        i1_0.name,
        i1_0.sponsor_id 
    from
        iqvia_studies i1_0 
    where
        i1_0.name<>?
Hibernate: 
    select
        i1_0.id,
        i1_0.is_destination_separated,
        i1_0.is_os_separated,
        i1_0.is_site_patient_separated,
        p1_0.environment_id,
        p1_1.id,
        p1_1.name,
        p1_1.requires_camera 
    from
        iqvia_environments i1_0 
    left join
        (iqvia_environments_patient_apps p1_0 
    join
        iqvia_apps p1_1 
            on p1_1.id=p1_0.app_id) 
                on i1_0.id=p1_0.environment_id 
        where
            i1_0.id=?
Hibernate: 
    select
        i1_0.id,
        i1_0.are_study_names_similar,
        i1_0.name 
    from
        iqvia_sponsors i1_0 
    where
        i1_0.id=?
Hibernate: 
    select
        i1_0.id,
        i1_0.is_destination_separated,
        i1_0.is_os_separated,
        i1_0.is_site_patient_separated,
        p1_0.environment_id,
        p1_1.id,
        p1_1.name,
        p1_1.requires_camera 
    from
        iqvia_environments i1_0 
    left join
        (iqvia_environments_patient_apps p1_0 
    join
        iqvia_apps p1_1 
            on p1_1.id=p1_0.app_id) 
                on i1_0.id=p1_0.environment_id 
        where
            i1_0.id=?
Hibernate: 
    select
        s1_0.environment_id,
        s1_1.id,
        s1_1.name,
        s1_1.requires_camera 
    from
        iqvia_environments_site_apps s1_0 
    join
        iqvia_apps s1_1 
            on s1_1.id=s1_0.app_id 
    where
        s1_0.environment_id=?
Hibernate: 
    select
        s1_0.environment_id,
        s1_1.id,
        s1_1.name,
        s1_1.requires_camera 
    from
        iqvia_environments_site_apps s1_0 
    join
        iqvia_apps s1_1 
            on s1_1.id=s1_0.app_id 
    where
        s1_0.environment_id=?
Hibernate: 
    select
        i1_0.id,
        i1_0.contains_sep_site_patient_labels,
        i1_0.contains_translated_docs,
        i1_0.contains_translated_labels,
        i1_0.environment_id,
        i1_0.folder_url,
        i1_0.is_gsg_plain,
        i1_0.name,
        i1_0.sponsor_id 
    from
        iqvia_studies i1_0 
    where
        i1_0.name=? 
    limit
        ?
Hibernate: 
    select
        i1_0.id,
        i1_0.is_destination_separated,
        i1_0.is_os_separated,
        i1_0.is_site_patient_separated,
        p1_0.environment_id,
        p1_1.id,
        p1_1.name,
        p1_1.requires_camera 
    from
        iqvia_environments i1_0 
    left join
        (iqvia_environments_patient_apps p1_0 
    join
        iqvia_apps p1_1 
            on p1_1.id=p1_0.app_id) 
                on i1_0.id=p1_0.environment_id 
        where
            i1_0.id=?
Hibernate: 
    select
        i1_0.id,
        i1_0.are_study_names_similar,
        i1_0.name 
    from
        iqvia_sponsors i1_0 
    where
        i1_0.id=?
Hibernate: 
    select
        s1_0.environment_id,
        s1_1.id,
        s1_1.name,
        s1_1.requires_camera 
    from
        iqvia_environments_site_apps s1_0 
    join
        iqvia_apps s1_1 
            on s1_1.id=s1_0.app_id 
    where
        s1_0.environment_id=?
Hibernate: 
    select
        i1_0.id,
        i1_0.contains_sep_site_patient_labels,
        i1_0.contains_translated_docs,
        i1_0.contains_translated_labels,
        i1_0.environment_id,
        i1_0.folder_url,
        i1_0.is_gsg_plain,
        i1_0.name,
        i1_0.sponsor_id 
    from
        iqvia_studies i1_0 
    where
        i1_0.name=? 
    limit
        ?
Hibernate: 
    select
        i1_0.id,
        i1_0.is_destination_separated,
        i1_0.is_os_separated,
        i1_0.is_site_patient_separated,
        p1_0.environment_id,
        p1_1.id,
        p1_1.name,
        p1_1.requires_camera 
    from
        iqvia_environments i1_0 
    left join
        (iqvia_environments_patient_apps p1_0 
    join
        iqvia_apps p1_1 
            on p1_1.id=p1_0.app_id) 
                on i1_0.id=p1_0.environment_id 
        where
            i1_0.id=?
Hibernate: 
    select
        i1_0.id,
        i1_0.are_study_names_similar,
        i1_0.name 
    from
        iqvia_sponsors i1_0 
    where
        i1_0.id=?
Hibernate: 
    select
        s1_0.environment_id,
        s1_1.id,
        s1_1.name,
        s1_1.requires_camera 
    from
        iqvia_environments_site_apps s1_0 
    join
        iqvia_apps s1_1 
            on s1_1.id=s1_0.app_id 
    where
        s1_0.environment_id=?
Hibernate: 
    select
        i1_0.id,
        i1_0.contains_sep_site_patient_labels,
        i1_0.contains_translated_docs,
        i1_0.contains_translated_labels,
        e1_0.id,
        e1_0.is_destination_separated,
        e1_0.is_os_separated,
        e1_0.is_site_patient_separated,
        p1_0.environment_id,
        p1_1.id,
        p1_1.name,
        p1_1.requires_camera,
        i1_0.folder_url,
        i1_0.is_gsg_plain,
        i1_0.name,
        s1_0.id,
        s1_0.are_study_names_similar,
        s1_0.name 
    from
        iqvia_studies i1_0 
    left join
        iqvia_environments e1_0 
            on e1_0.id=i1_0.environment_id 
    left join
        (iqvia_environments_patient_apps p1_0 
    join
        iqvia_apps p1_1 
            on p1_1.id=p1_0.app_id) 
                on e1_0.id=p1_0.environment_id 
        left join
            iqvia_sponsors s1_0 
                on s1_0.id=i1_0.sponsor_id 
        where
            i1_0.id=?
Hibernate: 
    select
        s1_0.environment_id,
        s1_1.id,
        s1_1.name,
        s1_1.requires_camera 
    from
        iqvia_environments_site_apps s1_0 
    join
        iqvia_apps s1_1 
            on s1_1.id=s1_0.app_id 
    where
        s1_0.environment_id=?
Hibernate: 
    select
        i1_0.id,
        i1_0.contains_sep_site_patient_labels,
        i1_0.contains_translated_docs,
        i1_0.contains_translated_labels,
        i1_0.environment_id,
        i1_0.folder_url,
        i1_0.is_gsg_plain,
        i1_0.name,
        i1_0.sponsor_id 
    from
        iqvia_studies i1_0 
    where
        i1_0.name<>?
Hibernate: 
    select
        i1_0.id,
        i1_0.is_destination_separated,
        i1_0.is_os_separated,
        i1_0.is_site_patient_separated,
        p1_0.environment_id,
        p1_1.id,
        p1_1.name,
        p1_1.requires_camera 
    from
        iqvia_environments i1_0 
    left join
        (iqvia_environments_patient_apps p1_0 
    join
        iqvia_apps p1_1 
            on p1_1.id=p1_0.app_id) 
                on i1_0.id=p1_0.environment_id 
        where
            i1_0.id=?
Hibernate: 
    select
        i1_0.id,
        i1_0.are_study_names_similar,
        i1_0.name 
    from
        iqvia_sponsors i1_0 
    where
        i1_0.id=?
Hibernate: 
    select
        i1_0.id,
        i1_0.is_destination_separated,
        i1_0.is_os_separated,
        i1_0.is_site_patient_separated,
        p1_0.environment_id,
        p1_1.id,
        p1_1.name,
        p1_1.requires_camera 
    from
        iqvia_environments i1_0 
    left join
        (iqvia_environments_patient_apps p1_0 
    join
        iqvia_apps p1_1 
            on p1_1.id=p1_0.app_id) 
                on i1_0.id=p1_0.environment_id 
        where
            i1_0.id=?
Hibernate: 
    select
        s1_0.environment_id,
        s1_1.id,
        s1_1.name,
        s1_1.requires_camera 
    from
        iqvia_environments_site_apps s1_0 
    join
        iqvia_apps s1_1 
            on s1_1.id=s1_0.app_id 
    where
        s1_0.environment_id=?
Hibernate: 
    select
        s1_0.environment_id,
        s1_1.id,
        s1_1.name,
        s1_1.requires_camera 
    from
        iqvia_environments_site_apps s1_0 
    join
        iqvia_apps s1_1 
            on s1_1.id=s1_0.app_id 
    where
        s1_0.environment_id=?
Hibernate: 
    select
        count(*) 
    from
        iqvia_studies i1_0
Hibernate: 
    select
        i1_0.id,
        i1_0.contains_sep_site_patient_labels,
        i1_0.contains_translated_docs,
        i1_0.contains_translated_labels,
        i1_0.environment_id,
        i1_0.folder_url,
        i1_0.is_gsg_plain,
        i1_0.name,
        i1_0.sponsor_id 
    from
        iqvia_studies i1_0 
    where
        i1_0.name<>?
Hibernate: 
    select
        i1_0.id,
        i1_0.is_destination_separated,
        i1_0.is_os_separated,
        i1_0.is_site_patient_separated,
        p1_0.environment_id,
        p1_1.id,
        p1_1.name,
        p1_1.requires_camera 
    from
        iqvia_environments i1_0 
    left join
        (iqvia_environments_patient_apps p1_0 
    join
        iqvia_apps p1_1 
            on p1_1.id=p1_0.app_id) 
                on i1_0.id=p1_0.environment_id 
        where
            i1_0.id=?
Hibernate: 
    select
        i1_0.id,
        i1_0.are_study_names_similar,
        i1_0.name 
    from
        iqvia_sponsors i1_0 
    where
        i1_0.id=?
Hibernate: 
    select
        i1_0.id,
        i1_0.is_destination_separated,
        i1_0.is_os_separated,
        i1_0.is_site_patient_separated,
        p1_0.environment_id,
        p1_1.id,
        p1_1.name,
        p1_1.requires_camera 
    from
        iqvia_environments i1_0 
    left join
        (iqvia_environments_patient_apps p1_0 
    join
        iqvia_apps p1_1 
            on p1_1.id=p1_0.app_id) 
                on i1_0.id=p1_0.environment_id 
        where
            i1_0.id=?
Hibernate: 
    select
        s1_0.environment_id,
        s1_1.id,
        s1_1.name,
        s1_1.requires_camera 
    from
        iqvia_environments_site_apps s1_0 
    join
        iqvia_apps s1_1 
            on s1_1.id=s1_0.app_id 
    where
        s1_0.environment_id=?
Hibernate: 
    select
        s1_0.environment_id,
        s1_1.id,
        s1_1.name,
        s1_1.requires_camera 
    from
        iqvia_environments_site_apps s1_0 
    join
        iqvia_apps s1_1 
            on s1_1.id=s1_0.app_id 
    where
        s1_0.environment_id=?
Hibernate: 
    select
        i1_0.id,
        i1_0.contains_sep_site_patient_labels,
        i1_0.contains_translated_docs,
        i1_0.contains_translated_labels,
        i1_0.environment_id,
        i1_0.folder_url,
        i1_0.is_gsg_plain,
        i1_0.name,
        i1_0.sponsor_id 
    from
        iqvia_studies i1_0 
    where
        i1_0.name=? 
    limit
        ?
Hibernate: 
    select
        i1_0.id,
        i1_0.is_destination_separated,
        i1_0.is_os_separated,
        i1_0.is_site_patient_separated,
        p1_0.environment_id,
        p1_1.id,
        p1_1.name,
        p1_1.requires_camera 
    from
        iqvia_environments i1_0 
    left join
        (iqvia_environments_patient_apps p1_0 
    join
        iqvia_apps p1_1 
            on p1_1.id=p1_0.app_id) 
                on i1_0.id=p1_0.environment_id 
        where
            i1_0.id=?
Hibernate: 
    select
        i1_0.id,
        i1_0.are_study_names_similar,
        i1_0.name 
    from
        iqvia_sponsors i1_0 
    where
        i1_0.id=?
Hibernate: 
    select
        s1_0.environment_id,
        s1_1.id,
        s1_1.name,
        s1_1.requires_camera 
    from
        iqvia_environments_site_apps s1_0 
    join
        iqvia_apps s1_1 
            on s1_1.id=s1_0.app_id 
    where
        s1_0.environment_id=?
Hibernate: 
    select
        i1_0.id,
        i1_0.contains_sep_site_patient_labels,
        i1_0.contains_translated_docs,
        i1_0.contains_translated_labels,
        i1_0.environment_id,
        i1_0.folder_url,
        i1_0.is_gsg_plain,
        i1_0.name,
        i1_0.sponsor_id 
    from
        iqvia_studies i1_0 
    where
        i1_0.name=? 
    limit
        ?
Hibernate: 
    select
        i1_0.id,
        i1_0.contains_sep_site_patient_labels,
        i1_0.contains_translated_docs,
        i1_0.contains_translated_labels,
        i1_0.environment_id,
        i1_0.folder_url,
        i1_0.is_gsg_plain,
        i1_0.name,
        i1_0.sponsor_id 
    from
        iqvia_studies i1_0 
    where
        i1_0.name=? 
    limit
        ?
Hibernate: 
    select
        i1_0.id,
        i1_0.is_destination_separated,
        i1_0.is_os_separated,
        i1_0.is_site_patient_separated,
        p1_0.environment_id,
        p1_1.id,
        p1_1.name,
        p1_1.requires_camera 
    from
        iqvia_environments i1_0 
    left join
        (iqvia_environments_patient_apps p1_0 
    join
        iqvia_apps p1_1 
            on p1_1.id=p1_0.app_id) 
                on i1_0.id=p1_0.environment_id 
        where
            i1_0.id=?
Hibernate: 
    select
        i1_0.id,
        i1_0.are_study_names_similar,
        i1_0.name 
    from
        iqvia_sponsors i1_0 
    where
        i1_0.id=?
Hibernate: 
    select
        s1_0.environment_id,
        s1_1.id,
        s1_1.name,
        s1_1.requires_camera 
    from
        iqvia_environments_site_apps s1_0 
    join
        iqvia_apps s1_1 
            on s1_1.id=s1_0.app_id 
    where
        s1_0.environment_id=?
Hibernate: 
    select
        i1_0.id,
        i1_0.contains_sep_site_patient_labels,
        i1_0.contains_translated_docs,
        i1_0.contains_translated_labels,
        e1_0.id,
        e1_0.is_destination_separated,
        e1_0.is_os_separated,
        e1_0.is_site_patient_separated,
        p1_0.environment_id,
        p1_1.id,
        p1_1.name,
        p1_1.requires_camera,
        i1_0.folder_url,
        i1_0.is_gsg_plain,
        i1_0.name,
        s1_0.id,
        s1_0.are_study_names_similar,
        s1_0.name 
    from
        iqvia_studies i1_0 
    left join
        iqvia_environments e1_0 
            on e1_0.id=i1_0.environment_id 
    left join
        (iqvia_environments_patient_apps p1_0 
    join
        iqvia_apps p1_1 
            on p1_1.id=p1_0.app_id) 
                on e1_0.id=p1_0.environment_id 
        left join
            iqvia_sponsors s1_0 
                on s1_0.id=i1_0.sponsor_id 
        where
            i1_0.id=?
Hibernate: 
    select
        s1_0.environment_id,
        s1_1.id,
        s1_1.name,
        s1_1.requires_camera 
    from
        iqvia_environments_site_apps s1_0 
    join
        iqvia_apps s1_1 
            on s1_1.id=s1_0.app_id 
    where
        s1_0.environment_id=?
]]></system-out>
  <system-err><![CDATA[]]></system-err>
</testsuite>
