<?xml version="1.0" encoding="UTF-8"?>
<testsuite name="com.example.qcassistant.unit.entityServices.DestinationServiceTests" tests="9" skipped="0" failures="0" errors="0" timestamp="2023-12-10T08:52:59" hostname="VKTRNDRV" time="0.167">
  <properties/>
  <testcase name="testEditDestinationWithBlankName()" classname="com.example.qcassistant.unit.entityServices.DestinationServiceTests" time="0.011"/>
  <testcase name="getUnknownDestinationEntity_ReturnsUNKNOWN()" classname="com.example.qcassistant.unit.entityServices.DestinationServiceTests" time="0.027"/>
  <testcase name="getTagDestinations_ReturnsCorrectClassAndCount()" classname="com.example.qcassistant.unit.entityServices.DestinationServiceTests" time="0.018"/>
  <testcase name="testAddDestinationWithExistingName()" classname="com.example.qcassistant.unit.entityServices.DestinationServiceTests" time="0.019"/>
  <testcase name="testEditDestinationWithNoLanguages()" classname="com.example.qcassistant.unit.entityServices.DestinationServiceTests" time="0.006"/>
  <testcase name="getEntities_DoesNotReturnUNKNOWN()" classname="com.example.qcassistant.unit.entityServices.DestinationServiceTests" time="0.024"/>
  <testcase name="displayDestinations_ReturnsCorrectClassAndCount()" classname="com.example.qcassistant.unit.entityServices.DestinationServiceTests" time="0.025"/>
  <testcase name="testAddDestinationWithBlankName()" classname="com.example.qcassistant.unit.entityServices.DestinationServiceTests" time="0.004"/>
  <testcase name="testAddDestinationWithNoLanguages()" classname="com.example.qcassistant.unit.entityServices.DestinationServiceTests" time="0.006"/>
  <system-out><![CDATA[2023-12-10T10:52:59.907+02:00  INFO 15696 --- [    Test worker] t.c.s.AnnotationConfigContextLoaderUtils : Could not detect default configuration classes for test class [com.example.qcassistant.unit.entityServices.DestinationServiceTests]: DestinationServiceTests does not declare any static, non-private, non-final, nested classes annotated with @Configuration.
2023-12-10T10:52:59.928+02:00  INFO 15696 --- [    Test worker] .b.t.c.SpringBootTestContextBootstrapper : Found @SpringBootConfiguration com.example.qcassistant.Main for test class com.example.qcassistant.unit.entityServices.DestinationServiceTests
Hibernate: 
    select
        d1_0.id,
        d1_0.name,
        d1_0.plug_type,
        d1_0.requires_invoice,
        d1_0.requires_special_model,
        d1_0.requires_unused_devices,
        d1_0.sim_type 
    from
        destinations d1_0 
    where
        d1_0.name=? 
    limit
        ?
Hibernate: 
    select
        l1_0.destination_id,
        l1_1.id,
        l1_1.name 
    from
        destinations_languages l1_0 
    join
        languages l1_1 
            on l1_1.id=l1_0.language_id 
    where
        l1_0.destination_id=?
Hibernate: 
    select
        d1_0.id,
        d1_0.name,
        d1_0.plug_type,
        d1_0.requires_invoice,
        d1_0.requires_special_model,
        d1_0.requires_unused_devices,
        d1_0.sim_type 
    from
        destinations d1_0 
    where
        d1_0.name<>?
Hibernate: 
    select
        d1_0.id,
        d1_0.name,
        d1_0.plug_type,
        d1_0.requires_invoice,
        d1_0.requires_special_model,
        d1_0.requires_unused_devices,
        d1_0.sim_type 
    from
        destinations d1_0 
    where
        d1_0.name<>?
Hibernate: 
    select
        d1_0.id,
        d1_0.name,
        d1_0.plug_type,
        d1_0.requires_invoice,
        d1_0.requires_special_model,
        d1_0.requires_unused_devices,
        d1_0.sim_type 
    from
        destinations d1_0 
    where
        d1_0.name=? 
    limit
        ?
Hibernate: 
    select
        l1_0.destination_id,
        l1_1.id,
        l1_1.name 
    from
        destinations_languages l1_0 
    join
        languages l1_1 
            on l1_1.id=l1_0.language_id 
    where
        l1_0.destination_id=?
Hibernate: 
    select
        d1_0.id,
        d1_0.name,
        d1_0.plug_type,
        d1_0.requires_invoice,
        d1_0.requires_special_model,
        d1_0.requires_unused_devices,
        d1_0.sim_type 
    from
        destinations d1_0 
    where
        d1_0.name<>?
Hibernate: 
    select
        d1_0.id,
        d1_0.name,
        d1_0.plug_type,
        d1_0.requires_invoice,
        d1_0.requires_special_model,
        d1_0.requires_unused_devices,
        d1_0.sim_type 
    from
        destinations d1_0 
    where
        d1_0.name<>?
Hibernate: 
    select
        d1_0.id,
        d1_0.name,
        d1_0.plug_type,
        d1_0.requires_invoice,
        d1_0.requires_special_model,
        d1_0.requires_unused_devices,
        d1_0.sim_type 
    from
        destinations d1_0 
    where
        d1_0.name<>?
]]></system-out>
  <system-err><![CDATA[]]></system-err>
</testsuite>
