<?xml version="1.0" encoding="UTF-8"?>
<testsuite name="com.example.qcassistant.unit.orderParse.MedidataOrderParseServiceTests" tests="8" skipped="0" failures="0" errors="0" timestamp="2023-12-10T08:53:03" hostname="VKTRNDRV" time="0.51">
  <properties/>
  <testcase name="testDetectLanguage()" classname="com.example.qcassistant.unit.orderParse.MedidataOrderParseServiceTests" time="0.081"/>
  <testcase name="testDetectHeadphonesAndStyluses()" classname="com.example.qcassistant.unit.orderParse.MedidataOrderParseServiceTests" time="0.089"/>
  <testcase name="testDetectSimType()" classname="com.example.qcassistant.unit.orderParse.MedidataOrderParseServiceTests" time="0.051"/>
  <testcase name="testDetectAFWDevices()" classname="com.example.qcassistant.unit.orderParse.MedidataOrderParseServiceTests" time="0.06"/>
  <testcase name="testWrongClientThrowsException()" classname="com.example.qcassistant.unit.orderParse.MedidataOrderParseServiceTests" time="0.005"/>
  <testcase name="testDetectOrderType()" classname="com.example.qcassistant.unit.orderParse.MedidataOrderParseServiceTests" time="0.058"/>
  <testcase name="testDetectIOSDevices()" classname="com.example.qcassistant.unit.orderParse.MedidataOrderParseServiceTests" time="0.051"/>
  <testcase name="testDetectDocuments()" classname="com.example.qcassistant.unit.orderParse.MedidataOrderParseServiceTests" time="0.09"/>
  <system-out><![CDATA[2023-12-10T10:53:03.144+02:00  INFO 15696 --- [    Test worker] t.c.s.AnnotationConfigContextLoaderUtils : Could not detect default configuration classes for test class [com.example.qcassistant.unit.orderParse.MedidataOrderParseServiceTests]: MedidataOrderParseServiceTests does not declare any static, non-private, non-final, nested classes annotated with @Configuration.
2023-12-10T10:53:03.148+02:00  INFO 15696 --- [    Test worker] .b.t.c.SpringBootTestContextBootstrapper : Found @SpringBootConfiguration com.example.qcassistant.Main for test class com.example.qcassistant.unit.orderParse.MedidataOrderParseServiceTests
Hibernate: 
    select
        l1_0.id,
        l1_0.name 
    from
        languages l1_0
Hibernate: 
    select
        d1_0.id,
        d1_0.name,
        d1_0.plug_type,
        d1_0.requires_invoice,
        d1_0.requires_special_model,
        d1_0.requires_unused_devices,
        d1_0.sim_type 
    from
        destinations d1_0 
    where
        d1_0.name<>?
Hibernate: 
    select
        d1_0.id,
        d1_0.name,
        d1_0.plug_type,
        d1_0.requires_invoice,
        d1_0.requires_special_model,
        d1_0.requires_unused_devices,
        d1_0.sim_type 
    from
        destinations d1_0 
    where
        d1_0.name=? 
    limit
        ?
Hibernate: 
    select
        l1_0.destination_id,
        l1_1.id,
        l1_1.name 
    from
        destinations_languages l1_0 
    join
        languages l1_1 
            on l1_1.id=l1_0.language_id 
    where
        l1_0.destination_id=?
Hibernate: 
    select
        m1_0.id,
        m1_0.contains_editable_welcome_letter,
        m1_0.contains_translated_docs,
        m1_0.contains_translated_labels,
        m1_0.environment_id,
        m1_0.folder_url,
        m1_0.includes_headphones_styluses,
        m1_0.is_patient_device_ipad,
        m1_0.name,
        m1_0.sponsor_id 
    from
        medidata_studies m1_0 
    where
        m1_0.name<>?
Hibernate: 
    select
        m1_0.id,
        m1_0.is_destination_separated,
        m1_0.is_legacy,
        m1_0.is_os_separated,
        m1_0.is_site_patient_separated,
        p1_0.environment_id,
        p1_1.id,
        p1_1.name,
        p1_1.requires_camera 
    from
        medidata_environments m1_0 
    left join
        (medidata_environments_patient_apps p1_0 
    join
        medidata_apps p1_1 
            on p1_1.id=p1_0.app_id) 
                on m1_0.id=p1_0.environment_id 
        where
            m1_0.id=?
Hibernate: 
    select
        m1_0.id,
        m1_0.are_study_names_similar,
        m1_0.name 
    from
        medidata_sponsors m1_0 
    where
        m1_0.id=?
Hibernate: 
    select
        m1_0.id,
        m1_0.is_destination_separated,
        m1_0.is_legacy,
        m1_0.is_os_separated,
        m1_0.is_site_patient_separated,
        p1_0.environment_id,
        p1_1.id,
        p1_1.name,
        p1_1.requires_camera 
    from
        medidata_environments m1_0 
    left join
        (medidata_environments_patient_apps p1_0 
    join
        medidata_apps p1_1 
            on p1_1.id=p1_0.app_id) 
                on m1_0.id=p1_0.environment_id 
        where
            m1_0.id=?
Hibernate: 
    select
        s1_0.environment_id,
        s1_1.id,
        s1_1.name,
        s1_1.requires_camera 
    from
        medidata_environments_site_apps s1_0 
    join
        medidata_apps s1_1 
            on s1_1.id=s1_0.app_id 
    where
        s1_0.environment_id=?
Hibernate: 
    select
        s1_0.environment_id,
        s1_1.id,
        s1_1.name,
        s1_1.requires_camera 
    from
        medidata_environments_site_apps s1_0 
    join
        medidata_apps s1_1 
            on s1_1.id=s1_0.app_id 
    where
        s1_0.environment_id=?
Hibernate: 
    select
        m1_0.id,
        m1_0.contains_editable_welcome_letter,
        m1_0.contains_translated_docs,
        m1_0.contains_translated_labels,
        m1_0.environment_id,
        m1_0.folder_url,
        m1_0.includes_headphones_styluses,
        m1_0.is_patient_device_ipad,
        m1_0.name,
        m1_0.sponsor_id 
    from
        medidata_studies m1_0 
    where
        m1_0.name=? 
    limit
        ?
Hibernate: 
    select
        m1_0.id,
        m1_0.is_destination_separated,
        m1_0.is_legacy,
        m1_0.is_os_separated,
        m1_0.is_site_patient_separated,
        p1_0.environment_id,
        p1_1.id,
        p1_1.name,
        p1_1.requires_camera 
    from
        medidata_environments m1_0 
    left join
        (medidata_environments_patient_apps p1_0 
    join
        medidata_apps p1_1 
            on p1_1.id=p1_0.app_id) 
                on m1_0.id=p1_0.environment_id 
        where
            m1_0.id=?
Hibernate: 
    select
        m1_0.id,
        m1_0.are_study_names_similar,
        m1_0.name 
    from
        medidata_sponsors m1_0 
    where
        m1_0.id=?
Hibernate: 
    select
        s1_0.environment_id,
        s1_1.id,
        s1_1.name,
        s1_1.requires_camera 
    from
        medidata_environments_site_apps s1_0 
    join
        medidata_apps s1_1 
            on s1_1.id=s1_0.app_id 
    where
        s1_0.environment_id=?
Hibernate: 
    select
        l1_0.id,
        l1_0.name 
    from
        languages l1_0
Hibernate: 
    select
        d1_0.id,
        d1_0.name,
        d1_0.plug_type,
        d1_0.requires_invoice,
        d1_0.requires_special_model,
        d1_0.requires_unused_devices,
        d1_0.sim_type 
    from
        destinations d1_0 
    where
        d1_0.name<>?
Hibernate: 
    select
        d1_0.id,
        d1_0.name,
        d1_0.plug_type,
        d1_0.requires_invoice,
        d1_0.requires_special_model,
        d1_0.requires_unused_devices,
        d1_0.sim_type 
    from
        destinations d1_0 
    where
        d1_0.name=? 
    limit
        ?
Hibernate: 
    select
        l1_0.destination_id,
        l1_1.id,
        l1_1.name 
    from
        destinations_languages l1_0 
    join
        languages l1_1 
            on l1_1.id=l1_0.language_id 
    where
        l1_0.destination_id=?
Hibernate: 
    select
        m1_0.id,
        m1_0.contains_editable_welcome_letter,
        m1_0.contains_translated_docs,
        m1_0.contains_translated_labels,
        m1_0.environment_id,
        m1_0.folder_url,
        m1_0.includes_headphones_styluses,
        m1_0.is_patient_device_ipad,
        m1_0.name,
        m1_0.sponsor_id 
    from
        medidata_studies m1_0 
    where
        m1_0.name<>?
Hibernate: 
    select
        m1_0.id,
        m1_0.is_destination_separated,
        m1_0.is_legacy,
        m1_0.is_os_separated,
        m1_0.is_site_patient_separated,
        p1_0.environment_id,
        p1_1.id,
        p1_1.name,
        p1_1.requires_camera 
    from
        medidata_environments m1_0 
    left join
        (medidata_environments_patient_apps p1_0 
    join
        medidata_apps p1_1 
            on p1_1.id=p1_0.app_id) 
                on m1_0.id=p1_0.environment_id 
        where
            m1_0.id=?
Hibernate: 
    select
        m1_0.id,
        m1_0.are_study_names_similar,
        m1_0.name 
    from
        medidata_sponsors m1_0 
    where
        m1_0.id=?
Hibernate: 
    select
        m1_0.id,
        m1_0.is_destination_separated,
        m1_0.is_legacy,
        m1_0.is_os_separated,
        m1_0.is_site_patient_separated,
        p1_0.environment_id,
        p1_1.id,
        p1_1.name,
        p1_1.requires_camera 
    from
        medidata_environments m1_0 
    left join
        (medidata_environments_patient_apps p1_0 
    join
        medidata_apps p1_1 
            on p1_1.id=p1_0.app_id) 
                on m1_0.id=p1_0.environment_id 
        where
            m1_0.id=?
Hibernate: 
    select
        s1_0.environment_id,
        s1_1.id,
        s1_1.name,
        s1_1.requires_camera 
    from
        medidata_environments_site_apps s1_0 
    join
        medidata_apps s1_1 
            on s1_1.id=s1_0.app_id 
    where
        s1_0.environment_id=?
Hibernate: 
    select
        s1_0.environment_id,
        s1_1.id,
        s1_1.name,
        s1_1.requires_camera 
    from
        medidata_environments_site_apps s1_0 
    join
        medidata_apps s1_1 
            on s1_1.id=s1_0.app_id 
    where
        s1_0.environment_id=?
Hibernate: 
    select
        m1_0.id,
        m1_0.contains_editable_welcome_letter,
        m1_0.contains_translated_docs,
        m1_0.contains_translated_labels,
        m1_0.environment_id,
        m1_0.folder_url,
        m1_0.includes_headphones_styluses,
        m1_0.is_patient_device_ipad,
        m1_0.name,
        m1_0.sponsor_id 
    from
        medidata_studies m1_0 
    where
        m1_0.name=? 
    limit
        ?
Hibernate: 
    select
        m1_0.id,
        m1_0.is_destination_separated,
        m1_0.is_legacy,
        m1_0.is_os_separated,
        m1_0.is_site_patient_separated,
        p1_0.environment_id,
        p1_1.id,
        p1_1.name,
        p1_1.requires_camera 
    from
        medidata_environments m1_0 
    left join
        (medidata_environments_patient_apps p1_0 
    join
        medidata_apps p1_1 
            on p1_1.id=p1_0.app_id) 
                on m1_0.id=p1_0.environment_id 
        where
            m1_0.id=?
Hibernate: 
    select
        m1_0.id,
        m1_0.are_study_names_similar,
        m1_0.name 
    from
        medidata_sponsors m1_0 
    where
        m1_0.id=?
Hibernate: 
    select
        s1_0.environment_id,
        s1_1.id,
        s1_1.name,
        s1_1.requires_camera 
    from
        medidata_environments_site_apps s1_0 
    join
        medidata_apps s1_1 
            on s1_1.id=s1_0.app_id 
    where
        s1_0.environment_id=?
Hibernate: 
    select
        l1_0.id,
        l1_0.name 
    from
        languages l1_0
Hibernate: 
    select
        d1_0.id,
        d1_0.name,
        d1_0.plug_type,
        d1_0.requires_invoice,
        d1_0.requires_special_model,
        d1_0.requires_unused_devices,
        d1_0.sim_type 
    from
        destinations d1_0 
    where
        d1_0.name<>?
Hibernate: 
    select
        d1_0.id,
        d1_0.name,
        d1_0.plug_type,
        d1_0.requires_invoice,
        d1_0.requires_special_model,
        d1_0.requires_unused_devices,
        d1_0.sim_type 
    from
        destinations d1_0 
    where
        d1_0.name=? 
    limit
        ?
Hibernate: 
    select
        l1_0.destination_id,
        l1_1.id,
        l1_1.name 
    from
        destinations_languages l1_0 
    join
        languages l1_1 
            on l1_1.id=l1_0.language_id 
    where
        l1_0.destination_id=?
Hibernate: 
    select
        m1_0.id,
        m1_0.contains_editable_welcome_letter,
        m1_0.contains_translated_docs,
        m1_0.contains_translated_labels,
        m1_0.environment_id,
        m1_0.folder_url,
        m1_0.includes_headphones_styluses,
        m1_0.is_patient_device_ipad,
        m1_0.name,
        m1_0.sponsor_id 
    from
        medidata_studies m1_0 
    where
        m1_0.name<>?
Hibernate: 
    select
        m1_0.id,
        m1_0.is_destination_separated,
        m1_0.is_legacy,
        m1_0.is_os_separated,
        m1_0.is_site_patient_separated,
        p1_0.environment_id,
        p1_1.id,
        p1_1.name,
        p1_1.requires_camera 
    from
        medidata_environments m1_0 
    left join
        (medidata_environments_patient_apps p1_0 
    join
        medidata_apps p1_1 
            on p1_1.id=p1_0.app_id) 
                on m1_0.id=p1_0.environment_id 
        where
            m1_0.id=?
Hibernate: 
    select
        m1_0.id,
        m1_0.are_study_names_similar,
        m1_0.name 
    from
        medidata_sponsors m1_0 
    where
        m1_0.id=?
Hibernate: 
    select
        m1_0.id,
        m1_0.is_destination_separated,
        m1_0.is_legacy,
        m1_0.is_os_separated,
        m1_0.is_site_patient_separated,
        p1_0.environment_id,
        p1_1.id,
        p1_1.name,
        p1_1.requires_camera 
    from
        medidata_environments m1_0 
    left join
        (medidata_environments_patient_apps p1_0 
    join
        medidata_apps p1_1 
            on p1_1.id=p1_0.app_id) 
                on m1_0.id=p1_0.environment_id 
        where
            m1_0.id=?
Hibernate: 
    select
        s1_0.environment_id,
        s1_1.id,
        s1_1.name,
        s1_1.requires_camera 
    from
        medidata_environments_site_apps s1_0 
    join
        medidata_apps s1_1 
            on s1_1.id=s1_0.app_id 
    where
        s1_0.environment_id=?
Hibernate: 
    select
        s1_0.environment_id,
        s1_1.id,
        s1_1.name,
        s1_1.requires_camera 
    from
        medidata_environments_site_apps s1_0 
    join
        medidata_apps s1_1 
            on s1_1.id=s1_0.app_id 
    where
        s1_0.environment_id=?
Hibernate: 
    select
        m1_0.id,
        m1_0.contains_editable_welcome_letter,
        m1_0.contains_translated_docs,
        m1_0.contains_translated_labels,
        m1_0.environment_id,
        m1_0.folder_url,
        m1_0.includes_headphones_styluses,
        m1_0.is_patient_device_ipad,
        m1_0.name,
        m1_0.sponsor_id 
    from
        medidata_studies m1_0 
    where
        m1_0.name=? 
    limit
        ?
Hibernate: 
    select
        m1_0.id,
        m1_0.is_destination_separated,
        m1_0.is_legacy,
        m1_0.is_os_separated,
        m1_0.is_site_patient_separated,
        p1_0.environment_id,
        p1_1.id,
        p1_1.name,
        p1_1.requires_camera 
    from
        medidata_environments m1_0 
    left join
        (medidata_environments_patient_apps p1_0 
    join
        medidata_apps p1_1 
            on p1_1.id=p1_0.app_id) 
                on m1_0.id=p1_0.environment_id 
        where
            m1_0.id=?
Hibernate: 
    select
        m1_0.id,
        m1_0.are_study_names_similar,
        m1_0.name 
    from
        medidata_sponsors m1_0 
    where
        m1_0.id=?
Hibernate: 
    select
        s1_0.environment_id,
        s1_1.id,
        s1_1.name,
        s1_1.requires_camera 
    from
        medidata_environments_site_apps s1_0 
    join
        medidata_apps s1_1 
            on s1_1.id=s1_0.app_id 
    where
        s1_0.environment_id=?
Hibernate: 
    select
        l1_0.id,
        l1_0.name 
    from
        languages l1_0
Hibernate: 
    select
        d1_0.id,
        d1_0.name,
        d1_0.plug_type,
        d1_0.requires_invoice,
        d1_0.requires_special_model,
        d1_0.requires_unused_devices,
        d1_0.sim_type 
    from
        destinations d1_0 
    where
        d1_0.name<>?
Hibernate: 
    select
        d1_0.id,
        d1_0.name,
        d1_0.plug_type,
        d1_0.requires_invoice,
        d1_0.requires_special_model,
        d1_0.requires_unused_devices,
        d1_0.sim_type 
    from
        destinations d1_0 
    where
        d1_0.name=? 
    limit
        ?
Hibernate: 
    select
        l1_0.destination_id,
        l1_1.id,
        l1_1.name 
    from
        destinations_languages l1_0 
    join
        languages l1_1 
            on l1_1.id=l1_0.language_id 
    where
        l1_0.destination_id=?
Hibernate: 
    select
        m1_0.id,
        m1_0.contains_editable_welcome_letter,
        m1_0.contains_translated_docs,
        m1_0.contains_translated_labels,
        m1_0.environment_id,
        m1_0.folder_url,
        m1_0.includes_headphones_styluses,
        m1_0.is_patient_device_ipad,
        m1_0.name,
        m1_0.sponsor_id 
    from
        medidata_studies m1_0 
    where
        m1_0.name<>?
Hibernate: 
    select
        m1_0.id,
        m1_0.is_destination_separated,
        m1_0.is_legacy,
        m1_0.is_os_separated,
        m1_0.is_site_patient_separated,
        p1_0.environment_id,
        p1_1.id,
        p1_1.name,
        p1_1.requires_camera 
    from
        medidata_environments m1_0 
    left join
        (medidata_environments_patient_apps p1_0 
    join
        medidata_apps p1_1 
            on p1_1.id=p1_0.app_id) 
                on m1_0.id=p1_0.environment_id 
        where
            m1_0.id=?
Hibernate: 
    select
        m1_0.id,
        m1_0.are_study_names_similar,
        m1_0.name 
    from
        medidata_sponsors m1_0 
    where
        m1_0.id=?
Hibernate: 
    select
        m1_0.id,
        m1_0.is_destination_separated,
        m1_0.is_legacy,
        m1_0.is_os_separated,
        m1_0.is_site_patient_separated,
        p1_0.environment_id,
        p1_1.id,
        p1_1.name,
        p1_1.requires_camera 
    from
        medidata_environments m1_0 
    left join
        (medidata_environments_patient_apps p1_0 
    join
        medidata_apps p1_1 
            on p1_1.id=p1_0.app_id) 
                on m1_0.id=p1_0.environment_id 
        where
            m1_0.id=?
Hibernate: 
    select
        s1_0.environment_id,
        s1_1.id,
        s1_1.name,
        s1_1.requires_camera 
    from
        medidata_environments_site_apps s1_0 
    join
        medidata_apps s1_1 
            on s1_1.id=s1_0.app_id 
    where
        s1_0.environment_id=?
Hibernate: 
    select
        s1_0.environment_id,
        s1_1.id,
        s1_1.name,
        s1_1.requires_camera 
    from
        medidata_environments_site_apps s1_0 
    join
        medidata_apps s1_1 
            on s1_1.id=s1_0.app_id 
    where
        s1_0.environment_id=?
Hibernate: 
    select
        m1_0.id,
        m1_0.contains_editable_welcome_letter,
        m1_0.contains_translated_docs,
        m1_0.contains_translated_labels,
        m1_0.environment_id,
        m1_0.folder_url,
        m1_0.includes_headphones_styluses,
        m1_0.is_patient_device_ipad,
        m1_0.name,
        m1_0.sponsor_id 
    from
        medidata_studies m1_0 
    where
        m1_0.name=? 
    limit
        ?
Hibernate: 
    select
        m1_0.id,
        m1_0.is_destination_separated,
        m1_0.is_legacy,
        m1_0.is_os_separated,
        m1_0.is_site_patient_separated,
        p1_0.environment_id,
        p1_1.id,
        p1_1.name,
        p1_1.requires_camera 
    from
        medidata_environments m1_0 
    left join
        (medidata_environments_patient_apps p1_0 
    join
        medidata_apps p1_1 
            on p1_1.id=p1_0.app_id) 
                on m1_0.id=p1_0.environment_id 
        where
            m1_0.id=?
Hibernate: 
    select
        m1_0.id,
        m1_0.are_study_names_similar,
        m1_0.name 
    from
        medidata_sponsors m1_0 
    where
        m1_0.id=?
Hibernate: 
    select
        s1_0.environment_id,
        s1_1.id,
        s1_1.name,
        s1_1.requires_camera 
    from
        medidata_environments_site_apps s1_0 
    join
        medidata_apps s1_1 
            on s1_1.id=s1_0.app_id 
    where
        s1_0.environment_id=?
Hibernate: 
    select
        l1_0.id,
        l1_0.name 
    from
        languages l1_0
Hibernate: 
    select
        d1_0.id,
        d1_0.name,
        d1_0.plug_type,
        d1_0.requires_invoice,
        d1_0.requires_special_model,
        d1_0.requires_unused_devices,
        d1_0.sim_type 
    from
        destinations d1_0 
    where
        d1_0.name<>?
Hibernate: 
    select
        d1_0.id,
        d1_0.name,
        d1_0.plug_type,
        d1_0.requires_invoice,
        d1_0.requires_special_model,
        d1_0.requires_unused_devices,
        d1_0.sim_type 
    from
        destinations d1_0 
    where
        d1_0.name=? 
    limit
        ?
Hibernate: 
    select
        l1_0.destination_id,
        l1_1.id,
        l1_1.name 
    from
        destinations_languages l1_0 
    join
        languages l1_1 
            on l1_1.id=l1_0.language_id 
    where
        l1_0.destination_id=?
Hibernate: 
    select
        m1_0.id,
        m1_0.contains_editable_welcome_letter,
        m1_0.contains_translated_docs,
        m1_0.contains_translated_labels,
        m1_0.environment_id,
        m1_0.folder_url,
        m1_0.includes_headphones_styluses,
        m1_0.is_patient_device_ipad,
        m1_0.name,
        m1_0.sponsor_id 
    from
        medidata_studies m1_0 
    where
        m1_0.name<>?
Hibernate: 
    select
        m1_0.id,
        m1_0.is_destination_separated,
        m1_0.is_legacy,
        m1_0.is_os_separated,
        m1_0.is_site_patient_separated,
        p1_0.environment_id,
        p1_1.id,
        p1_1.name,
        p1_1.requires_camera 
    from
        medidata_environments m1_0 
    left join
        (medidata_environments_patient_apps p1_0 
    join
        medidata_apps p1_1 
            on p1_1.id=p1_0.app_id) 
                on m1_0.id=p1_0.environment_id 
        where
            m1_0.id=?
Hibernate: 
    select
        m1_0.id,
        m1_0.are_study_names_similar,
        m1_0.name 
    from
        medidata_sponsors m1_0 
    where
        m1_0.id=?
Hibernate: 
    select
        m1_0.id,
        m1_0.is_destination_separated,
        m1_0.is_legacy,
        m1_0.is_os_separated,
        m1_0.is_site_patient_separated,
        p1_0.environment_id,
        p1_1.id,
        p1_1.name,
        p1_1.requires_camera 
    from
        medidata_environments m1_0 
    left join
        (medidata_environments_patient_apps p1_0 
    join
        medidata_apps p1_1 
            on p1_1.id=p1_0.app_id) 
                on m1_0.id=p1_0.environment_id 
        where
            m1_0.id=?
Hibernate: 
    select
        s1_0.environment_id,
        s1_1.id,
        s1_1.name,
        s1_1.requires_camera 
    from
        medidata_environments_site_apps s1_0 
    join
        medidata_apps s1_1 
            on s1_1.id=s1_0.app_id 
    where
        s1_0.environment_id=?
Hibernate: 
    select
        s1_0.environment_id,
        s1_1.id,
        s1_1.name,
        s1_1.requires_camera 
    from
        medidata_environments_site_apps s1_0 
    join
        medidata_apps s1_1 
            on s1_1.id=s1_0.app_id 
    where
        s1_0.environment_id=?
Hibernate: 
    select
        m1_0.id,
        m1_0.contains_editable_welcome_letter,
        m1_0.contains_translated_docs,
        m1_0.contains_translated_labels,
        m1_0.environment_id,
        m1_0.folder_url,
        m1_0.includes_headphones_styluses,
        m1_0.is_patient_device_ipad,
        m1_0.name,
        m1_0.sponsor_id 
    from
        medidata_studies m1_0 
    where
        m1_0.name=? 
    limit
        ?
Hibernate: 
    select
        m1_0.id,
        m1_0.is_destination_separated,
        m1_0.is_legacy,
        m1_0.is_os_separated,
        m1_0.is_site_patient_separated,
        p1_0.environment_id,
        p1_1.id,
        p1_1.name,
        p1_1.requires_camera 
    from
        medidata_environments m1_0 
    left join
        (medidata_environments_patient_apps p1_0 
    join
        medidata_apps p1_1 
            on p1_1.id=p1_0.app_id) 
                on m1_0.id=p1_0.environment_id 
        where
            m1_0.id=?
Hibernate: 
    select
        m1_0.id,
        m1_0.are_study_names_similar,
        m1_0.name 
    from
        medidata_sponsors m1_0 
    where
        m1_0.id=?
Hibernate: 
    select
        s1_0.environment_id,
        s1_1.id,
        s1_1.name,
        s1_1.requires_camera 
    from
        medidata_environments_site_apps s1_0 
    join
        medidata_apps s1_1 
            on s1_1.id=s1_0.app_id 
    where
        s1_0.environment_id=?
Hibernate: 
    select
        l1_0.id,
        l1_0.name 
    from
        languages l1_0
Hibernate: 
    select
        d1_0.id,
        d1_0.name,
        d1_0.plug_type,
        d1_0.requires_invoice,
        d1_0.requires_special_model,
        d1_0.requires_unused_devices,
        d1_0.sim_type 
    from
        destinations d1_0 
    where
        d1_0.name<>?
Hibernate: 
    select
        d1_0.id,
        d1_0.name,
        d1_0.plug_type,
        d1_0.requires_invoice,
        d1_0.requires_special_model,
        d1_0.requires_unused_devices,
        d1_0.sim_type 
    from
        destinations d1_0 
    where
        d1_0.name=? 
    limit
        ?
Hibernate: 
    select
        l1_0.destination_id,
        l1_1.id,
        l1_1.name 
    from
        destinations_languages l1_0 
    join
        languages l1_1 
            on l1_1.id=l1_0.language_id 
    where
        l1_0.destination_id=?
Hibernate: 
    select
        m1_0.id,
        m1_0.contains_editable_welcome_letter,
        m1_0.contains_translated_docs,
        m1_0.contains_translated_labels,
        m1_0.environment_id,
        m1_0.folder_url,
        m1_0.includes_headphones_styluses,
        m1_0.is_patient_device_ipad,
        m1_0.name,
        m1_0.sponsor_id 
    from
        medidata_studies m1_0 
    where
        m1_0.name<>?
Hibernate: 
    select
        m1_0.id,
        m1_0.is_destination_separated,
        m1_0.is_legacy,
        m1_0.is_os_separated,
        m1_0.is_site_patient_separated,
        p1_0.environment_id,
        p1_1.id,
        p1_1.name,
        p1_1.requires_camera 
    from
        medidata_environments m1_0 
    left join
        (medidata_environments_patient_apps p1_0 
    join
        medidata_apps p1_1 
            on p1_1.id=p1_0.app_id) 
                on m1_0.id=p1_0.environment_id 
        where
            m1_0.id=?
Hibernate: 
    select
        m1_0.id,
        m1_0.are_study_names_similar,
        m1_0.name 
    from
        medidata_sponsors m1_0 
    where
        m1_0.id=?
Hibernate: 
    select
        m1_0.id,
        m1_0.is_destination_separated,
        m1_0.is_legacy,
        m1_0.is_os_separated,
        m1_0.is_site_patient_separated,
        p1_0.environment_id,
        p1_1.id,
        p1_1.name,
        p1_1.requires_camera 
    from
        medidata_environments m1_0 
    left join
        (medidata_environments_patient_apps p1_0 
    join
        medidata_apps p1_1 
            on p1_1.id=p1_0.app_id) 
                on m1_0.id=p1_0.environment_id 
        where
            m1_0.id=?
Hibernate: 
    select
        s1_0.environment_id,
        s1_1.id,
        s1_1.name,
        s1_1.requires_camera 
    from
        medidata_environments_site_apps s1_0 
    join
        medidata_apps s1_1 
            on s1_1.id=s1_0.app_id 
    where
        s1_0.environment_id=?
Hibernate: 
    select
        s1_0.environment_id,
        s1_1.id,
        s1_1.name,
        s1_1.requires_camera 
    from
        medidata_environments_site_apps s1_0 
    join
        medidata_apps s1_1 
            on s1_1.id=s1_0.app_id 
    where
        s1_0.environment_id=?
Hibernate: 
    select
        m1_0.id,
        m1_0.contains_editable_welcome_letter,
        m1_0.contains_translated_docs,
        m1_0.contains_translated_labels,
        m1_0.environment_id,
        m1_0.folder_url,
        m1_0.includes_headphones_styluses,
        m1_0.is_patient_device_ipad,
        m1_0.name,
        m1_0.sponsor_id 
    from
        medidata_studies m1_0 
    where
        m1_0.name=? 
    limit
        ?
Hibernate: 
    select
        m1_0.id,
        m1_0.is_destination_separated,
        m1_0.is_legacy,
        m1_0.is_os_separated,
        m1_0.is_site_patient_separated,
        p1_0.environment_id,
        p1_1.id,
        p1_1.name,
        p1_1.requires_camera 
    from
        medidata_environments m1_0 
    left join
        (medidata_environments_patient_apps p1_0 
    join
        medidata_apps p1_1 
            on p1_1.id=p1_0.app_id) 
                on m1_0.id=p1_0.environment_id 
        where
            m1_0.id=?
Hibernate: 
    select
        m1_0.id,
        m1_0.are_study_names_similar,
        m1_0.name 
    from
        medidata_sponsors m1_0 
    where
        m1_0.id=?
Hibernate: 
    select
        s1_0.environment_id,
        s1_1.id,
        s1_1.name,
        s1_1.requires_camera 
    from
        medidata_environments_site_apps s1_0 
    join
        medidata_apps s1_1 
            on s1_1.id=s1_0.app_id 
    where
        s1_0.environment_id=?
Hibernate: 
    select
        l1_0.id,
        l1_0.name 
    from
        languages l1_0
Hibernate: 
    select
        d1_0.id,
        d1_0.name,
        d1_0.plug_type,
        d1_0.requires_invoice,
        d1_0.requires_special_model,
        d1_0.requires_unused_devices,
        d1_0.sim_type 
    from
        destinations d1_0 
    where
        d1_0.name<>?
Hibernate: 
    select
        d1_0.id,
        d1_0.name,
        d1_0.plug_type,
        d1_0.requires_invoice,
        d1_0.requires_special_model,
        d1_0.requires_unused_devices,
        d1_0.sim_type 
    from
        destinations d1_0 
    where
        d1_0.name=? 
    limit
        ?
Hibernate: 
    select
        l1_0.destination_id,
        l1_1.id,
        l1_1.name 
    from
        destinations_languages l1_0 
    join
        languages l1_1 
            on l1_1.id=l1_0.language_id 
    where
        l1_0.destination_id=?
Hibernate: 
    select
        m1_0.id,
        m1_0.contains_editable_welcome_letter,
        m1_0.contains_translated_docs,
        m1_0.contains_translated_labels,
        m1_0.environment_id,
        m1_0.folder_url,
        m1_0.includes_headphones_styluses,
        m1_0.is_patient_device_ipad,
        m1_0.name,
        m1_0.sponsor_id 
    from
        medidata_studies m1_0 
    where
        m1_0.name<>?
Hibernate: 
    select
        m1_0.id,
        m1_0.is_destination_separated,
        m1_0.is_legacy,
        m1_0.is_os_separated,
        m1_0.is_site_patient_separated,
        p1_0.environment_id,
        p1_1.id,
        p1_1.name,
        p1_1.requires_camera 
    from
        medidata_environments m1_0 
    left join
        (medidata_environments_patient_apps p1_0 
    join
        medidata_apps p1_1 
            on p1_1.id=p1_0.app_id) 
                on m1_0.id=p1_0.environment_id 
        where
            m1_0.id=?
Hibernate: 
    select
        m1_0.id,
        m1_0.are_study_names_similar,
        m1_0.name 
    from
        medidata_sponsors m1_0 
    where
        m1_0.id=?
Hibernate: 
    select
        m1_0.id,
        m1_0.is_destination_separated,
        m1_0.is_legacy,
        m1_0.is_os_separated,
        m1_0.is_site_patient_separated,
        p1_0.environment_id,
        p1_1.id,
        p1_1.name,
        p1_1.requires_camera 
    from
        medidata_environments m1_0 
    left join
        (medidata_environments_patient_apps p1_0 
    join
        medidata_apps p1_1 
            on p1_1.id=p1_0.app_id) 
                on m1_0.id=p1_0.environment_id 
        where
            m1_0.id=?
Hibernate: 
    select
        s1_0.environment_id,
        s1_1.id,
        s1_1.name,
        s1_1.requires_camera 
    from
        medidata_environments_site_apps s1_0 
    join
        medidata_apps s1_1 
            on s1_1.id=s1_0.app_id 
    where
        s1_0.environment_id=?
Hibernate: 
    select
        s1_0.environment_id,
        s1_1.id,
        s1_1.name,
        s1_1.requires_camera 
    from
        medidata_environments_site_apps s1_0 
    join
        medidata_apps s1_1 
            on s1_1.id=s1_0.app_id 
    where
        s1_0.environment_id=?
Hibernate: 
    select
        m1_0.id,
        m1_0.contains_editable_welcome_letter,
        m1_0.contains_translated_docs,
        m1_0.contains_translated_labels,
        m1_0.environment_id,
        m1_0.folder_url,
        m1_0.includes_headphones_styluses,
        m1_0.is_patient_device_ipad,
        m1_0.name,
        m1_0.sponsor_id 
    from
        medidata_studies m1_0 
    where
        m1_0.name=? 
    limit
        ?
Hibernate: 
    select
        m1_0.id,
        m1_0.is_destination_separated,
        m1_0.is_legacy,
        m1_0.is_os_separated,
        m1_0.is_site_patient_separated,
        p1_0.environment_id,
        p1_1.id,
        p1_1.name,
        p1_1.requires_camera 
    from
        medidata_environments m1_0 
    left join
        (medidata_environments_patient_apps p1_0 
    join
        medidata_apps p1_1 
            on p1_1.id=p1_0.app_id) 
                on m1_0.id=p1_0.environment_id 
        where
            m1_0.id=?
Hibernate: 
    select
        m1_0.id,
        m1_0.are_study_names_similar,
        m1_0.name 
    from
        medidata_sponsors m1_0 
    where
        m1_0.id=?
Hibernate: 
    select
        s1_0.environment_id,
        s1_1.id,
        s1_1.name,
        s1_1.requires_camera 
    from
        medidata_environments_site_apps s1_0 
    join
        medidata_apps s1_1 
            on s1_1.id=s1_0.app_id 
    where
        s1_0.environment_id=?
]]></system-out>
  <system-err><![CDATA[]]></system-err>
</testsuite>
