<?xml version="1.0" encoding="UTF-8"?>
<testsuite name="com.example.qcassistant.unit.entityServices.LanguageServiceTests" tests="6" skipped="0" failures="0" errors="0" timestamp="2023-12-10T08:53:00" hostname="VKTRNDRV" time="0.109">
  <properties/>
  <testcase name="getLanguageById_ReturnsCorrectEntity()" classname="com.example.qcassistant.unit.entityServices.LanguageServiceTests" time="0.025"/>
  <testcase name="testAddLanguageWithExistingName()" classname="com.example.qcassistant.unit.entityServices.LanguageServiceTests" time="0.012"/>
  <testcase name="testEditLanguageWithBlankName()" classname="com.example.qcassistant.unit.entityServices.LanguageServiceTests" time="0.006"/>
  <testcase name="getEntities_ReturnsCorrectCount()" classname="com.example.qcassistant.unit.entityServices.LanguageServiceTests" time="0.02"/>
  <testcase name="getAllLanguages_ReturnsCorrectType()" classname="com.example.qcassistant.unit.entityServices.LanguageServiceTests" time="0.026"/>
  <testcase name="testAddLanguageWithBlankName()" classname="com.example.qcassistant.unit.entityServices.LanguageServiceTests" time="0.005"/>
  <system-out><![CDATA[2023-12-10T10:53:00.109+02:00  INFO 15696 --- [    Test worker] t.c.s.AnnotationConfigContextLoaderUtils : Could not detect default configuration classes for test class [com.example.qcassistant.unit.entityServices.LanguageServiceTests]: LanguageServiceTests does not declare any static, non-private, non-final, nested classes annotated with @Configuration.
2023-12-10T10:53:00.113+02:00  INFO 15696 --- [    Test worker] .b.t.c.SpringBootTestContextBootstrapper : Found @SpringBootConfiguration com.example.qcassistant.Main for test class com.example.qcassistant.unit.entityServices.LanguageServiceTests
Hibernate: 
    select
        l1_0.id,
        l1_0.name 
    from
        languages l1_0 
    where
        l1_0.name=? 
    limit
        ?
Hibernate: 
    select
        l1_0.id,
        l1_0.name 
    from
        languages l1_0 
    where
        l1_0.id=?
Hibernate: 
    select
        l1_0.id,
        l1_0.name 
    from
        languages l1_0 
    where
        l1_0.name=? 
    limit
        ?
Hibernate: 
    select
        l1_0.id,
        l1_0.name 
    from
        languages l1_0
Hibernate: 
    select
        l1_0.id,
        l1_0.name 
    from
        languages l1_0
Hibernate: 
    select
        l1_0.id,
        l1_0.name 
    from
        languages l1_0
Hibernate: 
    select
        count(*) 
    from
        languages l1_0
]]></system-out>
  <system-err><![CDATA[]]></system-err>
</testsuite>
