<?xml version="1.0" encoding="UTF-8"?>
<testsuite name="com.example.qcassistant.unit.entityServices.app.IqviaAppServiceTests" tests="5" skipped="0" failures="0" errors="0" timestamp="2023-12-10T08:53:00" hostname="VKTRNDRV" time="0.092">
  <properties/>
  <testcase name="testEditAppWithBlankName()" classname="com.example.qcassistant.unit.entityServices.app.IqviaAppServiceTests" time="0.013"/>
  <testcase name="getAllEditApps_ReturnsCorrectCountAndType()" classname="com.example.qcassistant.unit.entityServices.app.IqviaAppServiceTests" time="0.024"/>
  <testcase name="testAddAppWithExistingName()" classname="com.example.qcassistant.unit.entityServices.app.IqviaAppServiceTests" time="0.011"/>
  <testcase name="testAddAppWithBlankName()" classname="com.example.qcassistant.unit.entityServices.app.IqviaAppServiceTests" time="0.006"/>
  <testcase name="getEditAppById_ReturnsCorrectApp()" classname="com.example.qcassistant.unit.entityServices.app.IqviaAppServiceTests" time="0.027"/>
  <system-out><![CDATA[2023-12-10T10:53:00.239+02:00  INFO 15696 --- [    Test worker] t.c.s.AnnotationConfigContextLoaderUtils : Could not detect default configuration classes for test class [com.example.qcassistant.unit.entityServices.app.IqviaAppServiceTests]: IqviaAppServiceTests does not declare any static, non-private, non-final, nested classes annotated with @Configuration.
2023-12-10T10:53:00.265+02:00  INFO 15696 --- [    Test worker] .b.t.c.SpringBootTestContextBootstrapper : Found @SpringBootConfiguration com.example.qcassistant.Main for test class com.example.qcassistant.unit.entityServices.app.IqviaAppServiceTests
Hibernate: 
    select
        i1_0.id,
        i1_0.name,
        i1_0.requires_camera 
    from
        iqvia_apps i1_0
Hibernate: 
    select
        count(*) 
    from
        iqvia_apps i1_0
Hibernate: 
    select
        i1_0.id,
        i1_0.name,
        i1_0.requires_camera 
    from
        iqvia_apps i1_0 
    where
        i1_0.name=? 
    limit
        ?
Hibernate: 
    select
        i1_0.id,
        i1_0.name,
        i1_0.requires_camera 
    from
        iqvia_apps i1_0 
    where
        i1_0.name=? 
    limit
        ?
Hibernate: 
    select
        i1_0.id,
        i1_0.name,
        i1_0.requires_camera 
    from
        iqvia_apps i1_0 
    where
        i1_0.id=?
]]></system-out>
  <system-err><![CDATA[]]></system-err>
</testsuite>
